2017-07-08 00:01:46.058
#docs: 1034	 #words: 97175	 dictionary: 8764	 #sum_doc_vecs: 66211
2017-07-08 00:01:46.183
2017-07-08 00:02:34.361	5000 samples with acceptance rate: 0.4424
2017-07-08 00:03:38.721	10000 samples with acceptance rate: 0.4351
2017-07-08 00:04:43.66	15000 samples with acceptance rate: 0.42086666666666667
2017-07-08 00:05:48.892	20000 samples with acceptance rate: 0.40595
2017-07-08 00:06:53.82	25000 samples with acceptance rate: 0.39068
2017-07-08 00:07:58.72	30000 samples with acceptance rate: 0.37566666666666665
2017-07-08 00:09:03.631	35000 samples with acceptance rate: 0.35974285714285714
2017-07-08 00:10:08.525	40000 samples with acceptance rate: 0.3442
2017-07-08 00:11:13.394	45000 samples with acceptance rate: 0.3284222222222222
2017-07-08 00:12:18.726	50000 samples with acceptance rate: 0.31564
2017-07-08 00:13:24.236	55000 samples with acceptance rate: 0.30356363636363637
2017-07-08 00:14:29.81	60000 samples with acceptance rate: 0.2934
2017-07-08 00:15:35.417	65000 samples with acceptance rate: 0.28333846153846154
2017-07-08 00:16:40.96	70000 samples with acceptance rate: 0.2746571428571429
2017-07-08 00:17:46.508	75000 samples with acceptance rate: 0.2670266666666667
2017-07-08 00:18:52.154	80000 samples with acceptance rate: 0.2594625
2017-07-08 00:19:57.678	85000 samples with acceptance rate: 0.2529882352941176
2017-07-08 00:21:03.276	90000 samples with acceptance rate: 0.24653333333333333
2017-07-08 00:22:09.072	95000 samples with acceptance rate: 0.23997894736842104
2017-07-08 00:23:14.884	100000 samples with acceptance rate: 0.23454
2017-07-08 00:24:20.659	105000 samples with acceptance rate: 0.2295047619047619
2017-07-08 00:25:26.354	110000 samples with acceptance rate: 0.22496363636363637
2017-07-08 00:26:32.066	115000 samples with acceptance rate: 0.22082608695652173
2017-07-08 00:27:37.668	120000 samples with acceptance rate: 0.21690833333333334
2017-07-08 00:28:43.151	125000 samples with acceptance rate: 0.213448
2017-07-08 00:29:48.604	130000 samples with acceptance rate: 0.21025384615384615
2017-07-08 00:30:54.188	135000 samples with acceptance rate: 0.20703703703703705
2017-07-08 00:31:59.82	140000 samples with acceptance rate: 0.20418571428571428
2017-07-08 00:33:05.235	145000 samples with acceptance rate: 0.20155862068965516
2017-07-08 00:34:10.633	150000 samples with acceptance rate: 0.19864
2017-07-08 00:35:15.959	155000 samples with acceptance rate: 0.19596129032258064
2017-07-08 00:36:21.42	160000 samples with acceptance rate: 0.193875
2017-07-08 00:37:26.828	165000 samples with acceptance rate: 0.1915030303030303
2017-07-08 00:38:32.149	170000 samples with acceptance rate: 0.18965882352941177
2017-07-08 00:39:37.591	175000 samples with acceptance rate: 0.18773142857142858
2017-07-08 00:40:43.058	180000 samples with acceptance rate: 0.18562777777777778
2017-07-08 00:41:48.357	185000 samples with acceptance rate: 0.18394054054054054
2017-07-08 00:42:53.654	190000 samples with acceptance rate: 0.18257894736842106
2017-07-08 00:43:58.884	195000 samples with acceptance rate: 0.1810923076923077
2017-07-08 00:45:04.218	200000 samples with acceptance rate: 0.17961
2017-07-08 00:46:09.802	205000 samples with acceptance rate: 0.1782829268292683
2017-07-08 00:47:14.995	210000 samples with acceptance rate: 0.1770095238095238
2017-07-08 00:48:20.241	215000 samples with acceptance rate: 0.17593023255813953
2017-07-08 00:49:25.642	220000 samples with acceptance rate: 0.17469545454545454
2017-07-08 00:50:31.111	225000 samples with acceptance rate: 0.1734488888888889
2017-07-08 00:51:36.398	230000 samples with acceptance rate: 0.17225652173913045
2017-07-08 00:52:41.722	235000 samples with acceptance rate: 0.1710127659574468
2017-07-08 00:53:46.967	240000 samples with acceptance rate: 0.16984166666666667
2017-07-08 00:54:52.239	245000 samples with acceptance rate: 0.16892653061224489
2017-07-08 00:55:57.607	250000 samples with acceptance rate: 0.167844
2017-07-08 00:57:03.044	255000 samples with acceptance rate: 0.1671372549019608
2017-07-08 00:58:08.414	260000 samples with acceptance rate: 0.16629230769230768
2017-07-08 00:59:13.661	265000 samples with acceptance rate: 0.1652188679245283
2017-07-08 01:00:19.013	270000 samples with acceptance rate: 0.16435185185185186
2017-07-08 01:01:24.278	275000 samples with acceptance rate: 0.1636
2017-07-08 01:02:29.519	280000 samples with acceptance rate: 0.1627607142857143
2017-07-08 01:03:34.903	285000 samples with acceptance rate: 0.16202456140350877
2017-07-08 01:04:40.166	290000 samples with acceptance rate: 0.16119655172413794
2017-07-08 01:05:45.551	295000 samples with acceptance rate: 0.16039322033898304
2017-07-08 01:06:50.948	300000 samples with acceptance rate: 0.15983666666666665
2017-07-08 01:07:56.262	305000 samples with acceptance rate: 0.15913442622950819
2017-07-08 01:09:01.568	310000 samples with acceptance rate: 0.15840645161290323
2017-07-08 01:10:06.965	315000 samples with acceptance rate: 0.15783809523809525
2017-07-08 01:11:12.236	320000 samples with acceptance rate: 0.1572875
2017-07-08 01:12:17.471	325000 samples with acceptance rate: 0.1567046153846154
2017-07-08 01:13:22.755	330000 samples with acceptance rate: 0.15616666666666668
2017-07-08 01:14:28.133	335000 samples with acceptance rate: 0.15567462686567163
2017-07-08 01:15:33.424	340000 samples with acceptance rate: 0.15509117647058823
2017-07-08 01:16:38.715	345000 samples with acceptance rate: 0.15461739130434782
2017-07-08 01:17:43.898	350000 samples with acceptance rate: 0.1540342857142857
2017-07-08 01:18:49.312	355000 samples with acceptance rate: 0.15355774647887324
2017-07-08 01:19:54.577	360000 samples with acceptance rate: 0.153025
2017-07-08 01:20:59.898	365000 samples with acceptance rate: 0.15258356164383563
2017-07-08 01:22:05.243	370000 samples with acceptance rate: 0.15218108108108108
2017-07-08 01:23:10.563	375000 samples with acceptance rate: 0.15181333333333333
2017-07-08 01:24:15.966	380000 samples with acceptance rate: 0.1514
2017-07-08 01:25:21.358	385000 samples with acceptance rate: 0.15105974025974025
2017-07-08 01:26:26.623	390000 samples with acceptance rate: 0.15057179487179487
2017-07-08 01:27:32.142	395000 samples with acceptance rate: 0.14998227848101267
2017-07-08 01:28:37.405	400000 samples with acceptance rate: 0.1495575
2017-07-08 01:29:42.78	405000 samples with acceptance rate: 0.14916296296296297
2017-07-08 01:30:48.002	410000 samples with acceptance rate: 0.14886097560975609
2017-07-08 01:31:53.228	415000 samples with acceptance rate: 0.14855180722891567
2017-07-08 01:32:58.493	420000 samples with acceptance rate: 0.1481738095238095
2017-07-08 01:34:03.828	425000 samples with acceptance rate: 0.14784
2017-07-08 01:35:09.269	430000 samples with acceptance rate: 0.14750697674418606
2017-07-08 01:36:14.665	435000 samples with acceptance rate: 0.1471103448275862
2017-07-08 01:37:20.071	440000 samples with acceptance rate: 0.14676590909090909
2017-07-08 01:38:25.269	445000 samples with acceptance rate: 0.14640449438202247
2017-07-08 01:39:30.467	450000 samples with acceptance rate: 0.1461911111111111
2017-07-08 01:40:35.882	455000 samples with acceptance rate: 0.14584615384615385
2017-07-08 01:41:41.221	460000 samples with acceptance rate: 0.14554782608695652
2017-07-08 01:42:46.69	465000 samples with acceptance rate: 0.14528602150537634
2017-07-08 01:43:52.168	470000 samples with acceptance rate: 0.14496382978723404
2017-07-08 01:44:57.595	475000 samples with acceptance rate: 0.14468421052631578
2017-07-08 01:46:02.924	480000 samples with acceptance rate: 0.14437708333333332
2017-07-08 01:47:08.142	485000 samples with acceptance rate: 0.14405154639175258
2017-07-08 01:48:13.332	490000 samples with acceptance rate: 0.1437408163265306
2017-07-08 01:49:18.724	495000 samples with acceptance rate: 0.1434868686868687
2017-07-08 01:50:24.061	500000 samples with acceptance rate: 0.143294
Accepted: 71647
Rejected: 428353
Samples used (less burn-in):450000
Acceptance rate: 0.143294
likelihood of E 	-742396.2385132198
Perplexity of E (nats) 	2079.2995257401813
E[|w|]:	36371.81953471185
likelihood of Mode 	-745112.8482586708
likelihood of ml mult 	-740896.4908472431
2017-07-08 01:50:24.349
