2017-07-09 20:38:12.178
#docs: 1033	 #words: 97175	 dictionary: 8764	 #sum_doc_vecs: 66211
2017-07-09 20:38:12.349
2017-07-09 20:41:15.446	5000 samples with acceptance rate: 0.4302
2017-07-09 20:44:58.275	10000 samples with acceptance rate: 0.4279
2017-07-09 20:48:45.399	15000 samples with acceptance rate: 0.4130666666666667
2017-07-09 20:52:27.164	20000 samples with acceptance rate: 0.3987
2017-07-09 20:56:05.57	25000 samples with acceptance rate: 0.38436
2017-07-09 20:59:44.127	30000 samples with acceptance rate: 0.3676333333333333
2017-07-09 21:03:24.87	35000 samples with acceptance rate: 0.35097142857142855
2017-07-09 21:07:08.559	40000 samples with acceptance rate: 0.33695
2017-07-09 21:10:38.182	45000 samples with acceptance rate: 0.32282222222222223
2017-07-09 21:14:02.236	50000 samples with acceptance rate: 0.31116
2017-07-09 21:18:06.184	55000 samples with acceptance rate: 0.30069090909090906
2017-07-09 21:21:59.079	60000 samples with acceptance rate: 0.2912666666666667
2017-07-09 21:25:49.195	65000 samples with acceptance rate: 0.28181538461538463
2017-07-09 21:29:24.796	70000 samples with acceptance rate: 0.27377142857142855
2017-07-09 21:33:09.971	75000 samples with acceptance rate: 0.2671733333333333
2017-07-09 21:36:40.961	80000 samples with acceptance rate: 0.2617125
2017-07-09 21:40:32.01	85000 samples with acceptance rate: 0.2566705882352941
2017-07-09 21:44:04.161	90000 samples with acceptance rate: 0.2515777777777778
2017-07-09 21:47:44.407	95000 samples with acceptance rate: 0.24725263157894736
2017-07-09 21:51:35.536	100000 samples with acceptance rate: 0.2433
2017-07-09 21:55:34.825	105000 samples with acceptance rate: 0.2396
2017-07-09 21:59:25.62	110000 samples with acceptance rate: 0.23653636363636363
2017-07-09 22:03:05.336	115000 samples with acceptance rate: 0.23355652173913044
2017-07-09 22:06:54.612	120000 samples with acceptance rate: 0.23083333333333333
2017-07-09 22:10:17.976	125000 samples with acceptance rate: 0.228048
2017-07-09 22:14:13.711	130000 samples with acceptance rate: 0.22547692307692307
2017-07-09 22:17:53.884	135000 samples with acceptance rate: 0.2235111111111111
2017-07-09 22:21:41.487	140000 samples with acceptance rate: 0.22107857142857143
2017-07-09 22:25:15.468	145000 samples with acceptance rate: 0.21935172413793103
2017-07-09 22:29:01.189	150000 samples with acceptance rate: 0.21767333333333333
2017-07-09 22:32:47.111	155000 samples with acceptance rate: 0.2161225806451613
2017-07-09 22:36:16.964	160000 samples with acceptance rate: 0.21501875
2017-07-09 22:40:09.264	165000 samples with acceptance rate: 0.2137030303030303
2017-07-09 22:43:44.342	170000 samples with acceptance rate: 0.21258235294117647
2017-07-09 22:47:30.07	175000 samples with acceptance rate: 0.21166285714285715
2017-07-09 22:51:05.146	180000 samples with acceptance rate: 0.21104444444444445
2017-07-09 22:55:05.628	185000 samples with acceptance rate: 0.21023243243243242
2017-07-09 22:58:56.108	190000 samples with acceptance rate: 0.20921578947368422
2017-07-09 23:02:32.014	195000 samples with acceptance rate: 0.20846666666666666
2017-07-09 23:05:55.921	200000 samples with acceptance rate: 0.20784
2017-07-09 23:09:35.95	205000 samples with acceptance rate: 0.20755121951219513
2017-07-09 23:13:24.092	210000 samples with acceptance rate: 0.20712380952380952
2017-07-09 23:16:55.866	215000 samples with acceptance rate: 0.2066232558139535
2017-07-09 23:20:31.974	220000 samples with acceptance rate: 0.20617272727272729
2017-07-09 23:24:20.438	225000 samples with acceptance rate: 0.20582666666666666
2017-07-09 23:28:01.619	230000 samples with acceptance rate: 0.2055
2017-07-09 23:31:50.158	235000 samples with acceptance rate: 0.20530638297872342
2017-07-09 23:35:37.605	240000 samples with acceptance rate: 0.2050375
2017-07-09 23:39:33.305	245000 samples with acceptance rate: 0.20473877551020409
2017-07-09 23:43:19.727	250000 samples with acceptance rate: 0.20464
2017-07-09 23:47:04.454	255000 samples with acceptance rate: 0.20445098039215687
2017-07-09 23:50:35.127	260000 samples with acceptance rate: 0.20426153846153847
2017-07-09 23:54:17.904	265000 samples with acceptance rate: 0.2042188679245283
2017-07-09 23:57:47.48	270000 samples with acceptance rate: 0.20432962962962964
2017-07-10 00:01:25.622	275000 samples with acceptance rate: 0.2044690909090909
2017-07-10 00:05:12.54	280000 samples with acceptance rate: 0.20439642857142856
2017-07-10 00:08:59.043	285000 samples with acceptance rate: 0.20440350877192984
2017-07-10 00:13:00.009	290000 samples with acceptance rate: 0.20457241379310345
2017-07-10 00:16:39.546	295000 samples with acceptance rate: 0.20445423728813558
2017-07-10 00:20:31.644	300000 samples with acceptance rate: 0.20457666666666666
2017-07-10 00:24:21.466	305000 samples with acceptance rate: 0.2046032786885246
2017-07-10 00:27:57.037	310000 samples with acceptance rate: 0.20453548387096773
2017-07-10 00:31:38.998	315000 samples with acceptance rate: 0.20431428571428573
2017-07-10 00:35:11.298	320000 samples with acceptance rate: 0.20426875
2017-07-10 00:39:01.747	325000 samples with acceptance rate: 0.20444923076923077
2017-07-10 00:42:53.834	330000 samples with acceptance rate: 0.2044848484848485
2017-07-10 00:46:56.862	335000 samples with acceptance rate: 0.2045223880597015
2017-07-10 00:50:45.442	340000 samples with acceptance rate: 0.20459117647058825
2017-07-10 00:54:21.825	345000 samples with acceptance rate: 0.2046608695652174
2017-07-10 00:58:24.649	350000 samples with acceptance rate: 0.2045857142857143
2017-07-10 01:02:03.844	355000 samples with acceptance rate: 0.2045830985915493
2017-07-10 01:05:58.363	360000 samples with acceptance rate: 0.2045722222222222
2017-07-10 01:09:40.399	365000 samples with acceptance rate: 0.20447397260273972
2017-07-10 01:13:26.059	370000 samples with acceptance rate: 0.20447297297297298
2017-07-10 01:17:06.124	375000 samples with acceptance rate: 0.204448
2017-07-10 01:20:39.852	380000 samples with acceptance rate: 0.2043078947368421
2017-07-10 01:24:20.581	385000 samples with acceptance rate: 0.2042155844155844
2017-07-10 01:28:01.952	390000 samples with acceptance rate: 0.20412820512820512
2017-07-10 01:31:43.203	395000 samples with acceptance rate: 0.20417974683544304
2017-07-10 01:35:29.974	400000 samples with acceptance rate: 0.2041225
2017-07-10 01:39:22.449	405000 samples with acceptance rate: 0.20410864197530865
2017-07-10 01:43:06.689	410000 samples with acceptance rate: 0.20396829268292682
2017-07-10 01:47:01.69	415000 samples with acceptance rate: 0.20392289156626506
2017-07-10 01:50:37.61	420000 samples with acceptance rate: 0.20386428571428572
2017-07-10 01:54:22.35	425000 samples with acceptance rate: 0.20372941176470588
2017-07-10 01:58:20.019	430000 samples with acceptance rate: 0.2036906976744186
2017-07-10 02:02:00.895	435000 samples with acceptance rate: 0.20369425287356321
2017-07-10 02:05:41.003	440000 samples with acceptance rate: 0.203675
2017-07-10 02:09:21.554	445000 samples with acceptance rate: 0.20354157303370787
2017-07-10 02:13:02.448	450000 samples with acceptance rate: 0.20342444444444444
2017-07-10 02:16:49.067	455000 samples with acceptance rate: 0.20324615384615385
2017-07-10 02:20:40.133	460000 samples with acceptance rate: 0.20306304347826087
2017-07-10 02:24:11.197	465000 samples with acceptance rate: 0.20290322580645162
2017-07-10 02:27:53.419	470000 samples with acceptance rate: 0.20288723404255318
2017-07-10 02:31:34.199	475000 samples with acceptance rate: 0.2026863157894737
2017-07-10 02:35:19.934	480000 samples with acceptance rate: 0.20255416666666667
2017-07-10 02:38:43.813	485000 samples with acceptance rate: 0.20246185567010308
2017-07-10 02:42:31.314	490000 samples with acceptance rate: 0.20242857142857143
2017-07-10 02:46:21.426	495000 samples with acceptance rate: 0.20227474747474747
2017-07-10 02:49:55.978	500000 samples with acceptance rate: 0.202146
Accepted: 101073
Rejected: 398927
Samples used (less burn-in):450000
Acceptance rate: 0.202146
likelihood of E 	-701792.5865273034
Perplexity of E (nats) 	1369.1506117368285
E[|w|]:	2055.467022957472
likelihood of Mode 	-688699.1101059146
likelihood of ml mult 	-740896.4908472431
2017-07-10 02:49:56.244
