2017-07-08 00:02:37.68
#docs: 1034	 #words: 97175	 dictionary: 8764	 #sum_doc_vecs: 66211
2017-07-08 00:02:37.956
2017-07-08 00:05:50.559	5000 samples with acceptance rate: 0.4426
2017-07-08 00:09:02.76	10000 samples with acceptance rate: 0.4298
2017-07-08 00:12:14.653	15000 samples with acceptance rate: 0.4162
2017-07-08 00:15:27.113	20000 samples with acceptance rate: 0.40025
2017-07-08 00:18:39.702	25000 samples with acceptance rate: 0.38436
2017-07-08 00:21:52.374	30000 samples with acceptance rate: 0.3680333333333333
2017-07-08 00:25:05.041	35000 samples with acceptance rate: 0.35137142857142856
2017-07-08 00:28:19.265	40000 samples with acceptance rate: 0.33605
2017-07-08 00:31:33.711	45000 samples with acceptance rate: 0.32224444444444444
2017-07-08 00:34:47.945	50000 samples with acceptance rate: 0.3098
2017-07-08 00:38:05.778	55000 samples with acceptance rate: 0.2974
2017-07-08 00:41:23.538	60000 samples with acceptance rate: 0.28845
2017-07-08 00:44:41.861	65000 samples with acceptance rate: 0.2800153846153846
2017-07-08 00:47:59.324	70000 samples with acceptance rate: 0.27195714285714284
2017-07-08 00:51:17.897	75000 samples with acceptance rate: 0.26514666666666664
2017-07-08 00:54:35.464	80000 samples with acceptance rate: 0.2586
2017-07-08 00:57:53.839	85000 samples with acceptance rate: 0.2519294117647059
2017-07-08 01:01:12.398	90000 samples with acceptance rate: 0.24624444444444443
2017-07-08 01:04:30.847	95000 samples with acceptance rate: 0.24076842105263158
2017-07-08 01:07:48.384	100000 samples with acceptance rate: 0.23642
2017-07-08 01:11:06.27	105000 samples with acceptance rate: 0.2322095238095238
2017-07-08 01:14:25.151	110000 samples with acceptance rate: 0.2283
2017-07-08 01:17:44.029	115000 samples with acceptance rate: 0.22451304347826087
2017-07-08 01:21:01.897	120000 samples with acceptance rate: 0.22091666666666668
2017-07-08 01:24:19.963	125000 samples with acceptance rate: 0.218152
2017-07-08 01:27:37.732	130000 samples with acceptance rate: 0.2150153846153846
2017-07-08 01:30:56.718	135000 samples with acceptance rate: 0.21206666666666665
2017-07-08 01:34:15.469	140000 samples with acceptance rate: 0.20940714285714285
2017-07-08 01:37:33.518	145000 samples with acceptance rate: 0.20729655172413794
2017-07-08 01:40:51.406	150000 samples with acceptance rate: 0.20504
2017-07-08 01:44:09.854	155000 samples with acceptance rate: 0.20314193548387097
2017-07-08 01:47:29.242	160000 samples with acceptance rate: 0.20116875
2017-07-08 01:50:42.719	165000 samples with acceptance rate: 0.1995878787878788
2017-07-08 01:53:14.128	170000 samples with acceptance rate: 0.19779411764705881
2017-07-08 01:55:45.489	175000 samples with acceptance rate: 0.19616
2017-07-08 01:58:17.372	180000 samples with acceptance rate: 0.19461666666666666
2017-07-08 02:00:49.335	185000 samples with acceptance rate: 0.19318378378378379
2017-07-08 02:03:20.803	190000 samples with acceptance rate: 0.19159473684210526
2017-07-08 02:05:52.231	195000 samples with acceptance rate: 0.1906153846153846
2017-07-08 02:08:23.748	200000 samples with acceptance rate: 0.18944
2017-07-08 02:10:55.808	205000 samples with acceptance rate: 0.18846829268292684
2017-07-08 02:13:27.737	210000 samples with acceptance rate: 0.1871952380952381
2017-07-08 02:15:59.617	215000 samples with acceptance rate: 0.18645581395348837
2017-07-08 02:18:30.805	220000 samples with acceptance rate: 0.18561818181818182
2017-07-08 02:21:02.605	225000 samples with acceptance rate: 0.1848
2017-07-08 02:23:34.042	230000 samples with acceptance rate: 0.18395652173913044
2017-07-08 02:26:05.723	235000 samples with acceptance rate: 0.18331489361702127
2017-07-08 02:28:37.368	240000 samples with acceptance rate: 0.1825625
2017-07-08 02:31:09.009	245000 samples with acceptance rate: 0.18206938775510204
2017-07-08 02:33:40.449	250000 samples with acceptance rate: 0.181408
2017-07-08 02:36:12.715	255000 samples with acceptance rate: 0.1809607843137255
2017-07-08 02:38:44.333	260000 samples with acceptance rate: 0.18048846153846154
2017-07-08 02:41:15.965	265000 samples with acceptance rate: 0.1800679245283019
2017-07-08 02:43:48.16	270000 samples with acceptance rate: 0.1796925925925926
2017-07-08 02:46:19.613	275000 samples with acceptance rate: 0.1794
2017-07-08 02:48:50.928	280000 samples with acceptance rate: 0.17892857142857144
2017-07-08 02:51:22.72	285000 samples with acceptance rate: 0.17878245614035088
2017-07-08 02:53:54.371	290000 samples with acceptance rate: 0.17835517241379312
2017-07-08 02:56:26.235	295000 samples with acceptance rate: 0.17810169491525424
2017-07-08 02:58:57.877	300000 samples with acceptance rate: 0.17798666666666665
2017-07-08 03:01:29.314	305000 samples with acceptance rate: 0.17764590163934427
2017-07-08 03:04:00.875	310000 samples with acceptance rate: 0.1774516129032258
2017-07-08 03:06:32.703	315000 samples with acceptance rate: 0.17732063492063493
2017-07-08 03:09:04.305	320000 samples with acceptance rate: 0.17716875
2017-07-08 03:11:35.722	325000 samples with acceptance rate: 0.17715076923076922
2017-07-08 03:14:07.408	330000 samples with acceptance rate: 0.17718787878787878
2017-07-08 03:16:38.821	335000 samples with acceptance rate: 0.17714029850746268
2017-07-08 03:19:10.39	340000 samples with acceptance rate: 0.17690588235294116
2017-07-08 03:21:42.039	345000 samples with acceptance rate: 0.17676231884057972
2017-07-08 03:24:13.785	350000 samples with acceptance rate: 0.17672
2017-07-08 03:26:45.309	355000 samples with acceptance rate: 0.17670140845070423
2017-07-08 03:29:17.257	360000 samples with acceptance rate: 0.17673333333333333
2017-07-08 03:31:49.538	365000 samples with acceptance rate: 0.17681095890410958
2017-07-08 03:34:21.159	370000 samples with acceptance rate: 0.17687567567567566
2017-07-08 03:36:52.952	375000 samples with acceptance rate: 0.17692
2017-07-08 03:39:24.652	380000 samples with acceptance rate: 0.17693421052631578
2017-07-08 03:41:56.371	385000 samples with acceptance rate: 0.17711688311688312
2017-07-08 03:44:28.167	390000 samples with acceptance rate: 0.17726153846153847
2017-07-08 03:47:00.452	395000 samples with acceptance rate: 0.17745569620253165
2017-07-08 03:49:32.755	400000 samples with acceptance rate: 0.177525
2017-07-08 03:52:04.72	405000 samples with acceptance rate: 0.1777530864197531
2017-07-08 03:54:36.868	410000 samples with acceptance rate: 0.1780121951219512
2017-07-08 03:57:08.937	415000 samples with acceptance rate: 0.1782144578313253
2017-07-08 03:59:40.751	420000 samples with acceptance rate: 0.17846190476190477
2017-07-08 04:02:12.928	425000 samples with acceptance rate: 0.17876470588235294
2017-07-08 04:04:45.266	430000 samples with acceptance rate: 0.17903488372093024
2017-07-08 04:07:17.31	435000 samples with acceptance rate: 0.17926206896551725
2017-07-08 04:09:49.528	440000 samples with acceptance rate: 0.1796159090909091
2017-07-08 04:12:21.59	445000 samples with acceptance rate: 0.17983595505617977
2017-07-08 04:14:53.515	450000 samples with acceptance rate: 0.18014222222222223
2017-07-08 04:17:25.928	455000 samples with acceptance rate: 0.18046593406593406
2017-07-08 04:19:58.036	460000 samples with acceptance rate: 0.1807695652173913
2017-07-08 04:22:30.587	465000 samples with acceptance rate: 0.18109247311827956
2017-07-08 04:25:02.712	470000 samples with acceptance rate: 0.1813191489361702
2017-07-08 04:27:35.0	475000 samples with acceptance rate: 0.18158947368421052
2017-07-08 04:30:07.24	480000 samples with acceptance rate: 0.18182083333333332
2017-07-08 04:32:39.648	485000 samples with acceptance rate: 0.1820020618556701
2017-07-08 04:35:12.053	490000 samples with acceptance rate: 0.18225102040816327
2017-07-08 04:37:44.617	495000 samples with acceptance rate: 0.1824868686868687
2017-07-08 04:40:16.977	500000 samples with acceptance rate: 0.182718
Accepted: 91359
Rejected: 408641
Samples used (less burn-in):450000
Acceptance rate: 0.182718
likelihood of E 	-724457.673379446
Perplexity of E (nats) 	1728.805057600861
E[|w|]:	5309.575622662289
likelihood of Mode 	-699395.8164492107
likelihood of ml mult 	-740896.4908472431
2017-07-08 04:40:17.169
