2017-07-08 00:02:16.308
#docs: 1034	 #words: 97175	 dictionary: 8764	 #sum_doc_vecs: 66211
2017-07-08 00:02:16.49
2017-07-08 00:05:33.785	5000 samples with acceptance rate: 0.4584
2017-07-08 00:08:52.531	10000 samples with acceptance rate: 0.4392
2017-07-08 00:12:11.273	15000 samples with acceptance rate: 0.4288666666666667
2017-07-08 00:15:30.747	20000 samples with acceptance rate: 0.41645
2017-07-08 00:18:50.122	25000 samples with acceptance rate: 0.40192
2017-07-08 00:22:09.597	30000 samples with acceptance rate: 0.3895
2017-07-08 00:25:29.511	35000 samples with acceptance rate: 0.3794571428571429
2017-07-08 00:28:50.364	40000 samples with acceptance rate: 0.370575
2017-07-08 00:32:11.45	45000 samples with acceptance rate: 0.36064444444444443
2017-07-08 00:35:32.655	50000 samples with acceptance rate: 0.35084
2017-07-08 00:38:56.306	55000 samples with acceptance rate: 0.34252727272727274
2017-07-08 00:42:19.962	60000 samples with acceptance rate: 0.3347
2017-07-08 00:45:43.6	65000 samples with acceptance rate: 0.3270769230769231
2017-07-08 00:49:07.485	70000 samples with acceptance rate: 0.3199571428571429
2017-07-08 00:52:31.779	75000 samples with acceptance rate: 0.31353333333333333
2017-07-08 00:55:55.263	80000 samples with acceptance rate: 0.30775
2017-07-08 00:59:19.12	85000 samples with acceptance rate: 0.3023294117647059
2017-07-08 01:02:43.203	90000 samples with acceptance rate: 0.29781111111111114
2017-07-08 01:06:06.877	95000 samples with acceptance rate: 0.2925473684210526
2017-07-08 01:09:29.85	100000 samples with acceptance rate: 0.28773
2017-07-08 01:12:53.744	105000 samples with acceptance rate: 0.28326666666666667
2017-07-08 01:16:17.941	110000 samples with acceptance rate: 0.2787454545454545
2017-07-08 01:19:41.482	115000 samples with acceptance rate: 0.27495652173913043
2017-07-08 01:23:05.301	120000 samples with acceptance rate: 0.27125
2017-07-08 01:26:28.544	125000 samples with acceptance rate: 0.267688
2017-07-08 01:29:52.271	130000 samples with acceptance rate: 0.2643615384615385
2017-07-08 01:33:16.733	135000 samples with acceptance rate: 0.2612814814814815
2017-07-08 01:36:41.157	140000 samples with acceptance rate: 0.2581857142857143
2017-07-08 01:40:05.227	145000 samples with acceptance rate: 0.2551655172413793
2017-07-08 01:43:28.642	150000 samples with acceptance rate: 0.25261333333333336
2017-07-08 01:46:53.522	155000 samples with acceptance rate: 0.2500516129032258
2017-07-08 01:50:17.757	160000 samples with acceptance rate: 0.2475125
2017-07-08 01:52:56.762	165000 samples with acceptance rate: 0.24507272727272728
2017-07-08 01:55:33.924	170000 samples with acceptance rate: 0.24285882352941177
2017-07-08 01:58:11.514	175000 samples with acceptance rate: 0.24084
2017-07-08 02:00:49.164	180000 samples with acceptance rate: 0.23883888888888888
2017-07-08 02:03:26.377	185000 samples with acceptance rate: 0.2369135135135135
2017-07-08 02:06:03.481	190000 samples with acceptance rate: 0.23484736842105264
2017-07-08 02:08:40.79	195000 samples with acceptance rate: 0.23287692307692306
2017-07-08 02:11:18.282	200000 samples with acceptance rate: 0.231205
2017-07-08 02:13:55.948	205000 samples with acceptance rate: 0.2292439024390244
2017-07-08 02:16:33.546	210000 samples with acceptance rate: 0.22731428571428572
2017-07-08 02:19:10.483	215000 samples with acceptance rate: 0.22557209302325582
2017-07-08 02:21:47.924	220000 samples with acceptance rate: 0.22393181818181818
2017-07-08 02:24:25.265	225000 samples with acceptance rate: 0.22244444444444444
2017-07-08 02:27:02.34	230000 samples with acceptance rate: 0.22074347826086957
2017-07-08 02:29:39.843	235000 samples with acceptance rate: 0.2191872340425532
2017-07-08 02:32:16.856	240000 samples with acceptance rate: 0.21793333333333334
2017-07-08 02:34:54.181	245000 samples with acceptance rate: 0.21648979591836734
2017-07-08 02:37:31.841	250000 samples with acceptance rate: 0.21528
2017-07-08 02:40:08.852	255000 samples with acceptance rate: 0.2142313725490196
2017-07-08 02:42:46.811	260000 samples with acceptance rate: 0.21283846153846153
2017-07-08 02:45:24.457	265000 samples with acceptance rate: 0.2116377358490566
2017-07-08 02:48:01.38	270000 samples with acceptance rate: 0.2104
2017-07-08 02:50:38.838	275000 samples with acceptance rate: 0.2091818181818182
2017-07-08 02:53:16.188	280000 samples with acceptance rate: 0.20798571428571427
2017-07-08 02:55:53.633	285000 samples with acceptance rate: 0.20685964912280702
2017-07-08 02:58:30.853	290000 samples with acceptance rate: 0.20578620689655172
2017-07-08 03:01:07.785	295000 samples with acceptance rate: 0.20467457627118643
2017-07-08 03:03:44.964	300000 samples with acceptance rate: 0.20369333333333334
2017-07-08 03:06:22.47	305000 samples with acceptance rate: 0.2026032786885246
2017-07-08 03:08:59.688	310000 samples with acceptance rate: 0.2017032258064516
2017-07-08 03:11:37.008	315000 samples with acceptance rate: 0.20067936507936507
2017-07-08 03:14:14.294	320000 samples with acceptance rate: 0.1997625
2017-07-08 03:16:51.248	325000 samples with acceptance rate: 0.19891076923076922
2017-07-08 03:19:28.346	330000 samples with acceptance rate: 0.19812424242424242
2017-07-08 03:22:05.587	335000 samples with acceptance rate: 0.19725970149253733
2017-07-08 03:24:42.774	340000 samples with acceptance rate: 0.19644117647058823
2017-07-08 03:27:19.75	345000 samples with acceptance rate: 0.19567536231884058
2017-07-08 03:29:57.414	350000 samples with acceptance rate: 0.19482
2017-07-08 03:32:35.067	355000 samples with acceptance rate: 0.19412394366197183
2017-07-08 03:35:12.252	360000 samples with acceptance rate: 0.19347777777777778
2017-07-08 03:37:49.348	365000 samples with acceptance rate: 0.19265753424657533
2017-07-08 03:40:26.503	370000 samples with acceptance rate: 0.19178378378378377
2017-07-08 03:43:03.606	375000 samples with acceptance rate: 0.19098933333333334
2017-07-08 03:45:40.964	380000 samples with acceptance rate: 0.19028684210526317
2017-07-08 03:48:18.563	385000 samples with acceptance rate: 0.1896077922077922
2017-07-08 03:50:55.85	390000 samples with acceptance rate: 0.1890153846153846
2017-07-08 03:53:33.555	395000 samples with acceptance rate: 0.18821012658227848
2017-07-08 03:56:10.879	400000 samples with acceptance rate: 0.1875775
2017-07-08 03:58:48.112	405000 samples with acceptance rate: 0.18696543209876543
2017-07-08 04:01:25.286	410000 samples with acceptance rate: 0.1863390243902439
2017-07-08 04:04:02.395	415000 samples with acceptance rate: 0.18568192771084338
2017-07-08 04:06:39.506	420000 samples with acceptance rate: 0.18500714285714287
2017-07-08 04:09:16.956	425000 samples with acceptance rate: 0.1844141176470588
2017-07-08 04:11:54.514	430000 samples with acceptance rate: 0.18376744186046512
2017-07-08 04:14:31.584	435000 samples with acceptance rate: 0.18319540229885056
2017-07-08 04:17:08.941	440000 samples with acceptance rate: 0.18261363636363637
2017-07-08 04:19:45.971	445000 samples with acceptance rate: 0.18209213483146067
2017-07-08 04:22:23.201	450000 samples with acceptance rate: 0.18151111111111112
2017-07-08 04:25:00.605	455000 samples with acceptance rate: 0.1810197802197802
2017-07-08 04:27:38.051	460000 samples with acceptance rate: 0.1805195652173913
2017-07-08 04:30:15.292	465000 samples with acceptance rate: 0.180047311827957
2017-07-08 04:32:52.784	470000 samples with acceptance rate: 0.17947659574468086
2017-07-08 04:35:29.887	475000 samples with acceptance rate: 0.1790042105263158
2017-07-08 04:38:07.24	480000 samples with acceptance rate: 0.17855416666666668
2017-07-08 04:40:42.484	485000 samples with acceptance rate: 0.17805360824742267
2017-07-08 04:43:09.062	490000 samples with acceptance rate: 0.17745714285714287
2017-07-08 04:45:35.593	495000 samples with acceptance rate: 0.17706262626262625
2017-07-08 04:48:02.14	500000 samples with acceptance rate: 0.176664
Accepted: 88332
Rejected: 411668
Samples used (less burn-in):450000
Acceptance rate: 0.176664
likelihood of E 	-685077.6813758139
Perplexity of E (nats) 	1152.7867484639219
E[|w|]:	13164.934915096288
likelihood of Mode 	-683503.1135074799
likelihood of ml mult 	-740896.4908472431
2017-07-08 04:48:02.316
