2017-07-08 12:34:04.177
#docs: 1400	 #words: 153276	 dictionary: 5769	 #sum_doc_vecs: 94839
2017-07-08 12:34:04.335
2017-07-08 12:34:42.721	5000 samples with acceptance rate: 0.4676
2017-07-08 12:35:20.821	10000 samples with acceptance rate: 0.4528
2017-07-08 12:36:04.954	15000 samples with acceptance rate: 0.43606666666666666
2017-07-08 12:36:55.521	20000 samples with acceptance rate: 0.41635
2017-07-08 12:37:46.08	25000 samples with acceptance rate: 0.39352
2017-07-08 12:38:36.472	30000 samples with acceptance rate: 0.37233333333333335
2017-07-08 12:39:27.064	35000 samples with acceptance rate: 0.3516
2017-07-08 12:40:17.604	40000 samples with acceptance rate: 0.3326
2017-07-08 12:41:07.953	45000 samples with acceptance rate: 0.3151333333333333
2017-07-08 12:41:58.266	50000 samples with acceptance rate: 0.2987
2017-07-08 12:42:49.068	55000 samples with acceptance rate: 0.2834
2017-07-08 12:43:39.959	60000 samples with acceptance rate: 0.2693833333333333
2017-07-08 12:44:30.76	65000 samples with acceptance rate: 0.2566923076923077
2017-07-08 12:45:21.656	70000 samples with acceptance rate: 0.24565714285714285
2017-07-08 12:46:12.461	75000 samples with acceptance rate: 0.23577333333333333
2017-07-08 12:47:03.261	80000 samples with acceptance rate: 0.226325
2017-07-08 12:47:54.088	85000 samples with acceptance rate: 0.21770588235294117
2017-07-08 12:48:44.965	90000 samples with acceptance rate: 0.20964444444444444
2017-07-08 12:49:35.747	95000 samples with acceptance rate: 0.20254736842105264
2017-07-08 12:50:26.558	100000 samples with acceptance rate: 0.19606
2017-07-08 12:51:17.433	105000 samples with acceptance rate: 0.19008571428571427
2017-07-08 12:52:08.293	110000 samples with acceptance rate: 0.18433636363636363
2017-07-08 12:52:59.113	115000 samples with acceptance rate: 0.1792608695652174
2017-07-08 12:53:49.938	120000 samples with acceptance rate: 0.17478333333333335
2017-07-08 12:54:40.76	125000 samples with acceptance rate: 0.170224
2017-07-08 12:55:31.63	130000 samples with acceptance rate: 0.1661153846153846
2017-07-08 12:56:22.538	135000 samples with acceptance rate: 0.1624962962962963
2017-07-08 12:57:13.428	140000 samples with acceptance rate: 0.1587
2017-07-08 12:58:04.284	145000 samples with acceptance rate: 0.15524827586206896
2017-07-08 12:58:55.274	150000 samples with acceptance rate: 0.15216666666666667
2017-07-08 12:59:46.403	155000 samples with acceptance rate: 0.14921935483870968
2017-07-08 13:00:37.444	160000 samples with acceptance rate: 0.14628125
2017-07-08 13:01:28.415	165000 samples with acceptance rate: 0.14367272727272729
2017-07-08 13:02:19.367	170000 samples with acceptance rate: 0.14147058823529413
2017-07-08 13:03:10.48	175000 samples with acceptance rate: 0.1391257142857143
2017-07-08 13:04:01.377	180000 samples with acceptance rate: 0.13691111111111112
2017-07-08 13:04:52.278	185000 samples with acceptance rate: 0.13472972972972974
2017-07-08 13:05:43.155	190000 samples with acceptance rate: 0.1326736842105263
2017-07-08 13:06:34.45	195000 samples with acceptance rate: 0.1306153846153846
2017-07-08 13:07:25.539	200000 samples with acceptance rate: 0.12866
2017-07-08 13:08:16.653	205000 samples with acceptance rate: 0.12684878048780487
2017-07-08 13:09:07.717	210000 samples with acceptance rate: 0.1254
2017-07-08 13:09:58.652	215000 samples with acceptance rate: 0.12375348837209302
2017-07-08 13:10:50.042	220000 samples with acceptance rate: 0.12223181818181818
2017-07-08 13:11:41.114	225000 samples with acceptance rate: 0.12079555555555556
2017-07-08 13:12:32.117	230000 samples with acceptance rate: 0.1193
2017-07-08 13:13:23.125	235000 samples with acceptance rate: 0.11778723404255319
2017-07-08 13:14:14.107	240000 samples with acceptance rate: 0.116475
2017-07-08 13:15:05.057	245000 samples with acceptance rate: 0.11517551020408164
2017-07-08 13:15:56.031	250000 samples with acceptance rate: 0.113988
2017-07-08 13:16:47.127	255000 samples with acceptance rate: 0.11273333333333334
2017-07-08 13:17:38.256	260000 samples with acceptance rate: 0.11172692307692307
2017-07-08 13:18:29.39	265000 samples with acceptance rate: 0.11050188679245283
2017-07-08 13:19:20.584	270000 samples with acceptance rate: 0.10935555555555555
2017-07-08 13:20:11.665	275000 samples with acceptance rate: 0.10833090909090909
2017-07-08 13:21:02.825	280000 samples with acceptance rate: 0.10733571428571428
2017-07-08 13:21:53.812	285000 samples with acceptance rate: 0.10633333333333334
2017-07-08 13:22:44.729	290000 samples with acceptance rate: 0.10529310344827586
2017-07-08 13:23:35.888	295000 samples with acceptance rate: 0.10423389830508474
2017-07-08 13:24:26.965	300000 samples with acceptance rate: 0.10324666666666667
2017-07-08 13:25:17.823	305000 samples with acceptance rate: 0.1024
2017-07-08 13:26:08.786	310000 samples with acceptance rate: 0.10157741935483872
2017-07-08 13:26:59.739	315000 samples with acceptance rate: 0.10085714285714285
2017-07-08 13:27:50.676	320000 samples with acceptance rate: 0.100134375
2017-07-08 13:28:41.688	325000 samples with acceptance rate: 0.09938153846153847
2017-07-08 13:29:32.689	330000 samples with acceptance rate: 0.09873030303030303
2017-07-08 13:30:23.508	335000 samples with acceptance rate: 0.09805373134328359
2017-07-08 13:31:14.457	340000 samples with acceptance rate: 0.09736176470588236
2017-07-08 13:32:05.342	345000 samples with acceptance rate: 0.09679710144927536
2017-07-08 13:32:56.234	350000 samples with acceptance rate: 0.09610571428571428
2017-07-08 13:33:47.044	355000 samples with acceptance rate: 0.09546760563380281
2017-07-08 13:34:37.864	360000 samples with acceptance rate: 0.09479722222222223
2017-07-08 13:35:28.753	365000 samples with acceptance rate: 0.09422739726027397
2017-07-08 13:36:19.798	370000 samples with acceptance rate: 0.09368648648648649
2017-07-08 13:37:10.796	375000 samples with acceptance rate: 0.09311733333333333
2017-07-08 13:38:01.657	380000 samples with acceptance rate: 0.09253947368421053
2017-07-08 13:38:52.488	385000 samples with acceptance rate: 0.09195844155844156
2017-07-08 13:39:43.473	390000 samples with acceptance rate: 0.09144358974358974
2017-07-08 13:40:34.336	395000 samples with acceptance rate: 0.0908987341772152
2017-07-08 13:41:25.271	400000 samples with acceptance rate: 0.090425
2017-07-08 13:42:16.152	405000 samples with acceptance rate: 0.08998271604938271
2017-07-08 13:43:07.087	410000 samples with acceptance rate: 0.08945121951219512
2017-07-08 13:43:58.142	415000 samples with acceptance rate: 0.08895180722891566
2017-07-08 13:44:49.018	420000 samples with acceptance rate: 0.08846428571428572
2017-07-08 13:45:39.913	425000 samples with acceptance rate: 0.08800470588235294
2017-07-08 13:46:30.775	430000 samples with acceptance rate: 0.08754651162790697
2017-07-08 13:47:21.843	435000 samples with acceptance rate: 0.08713333333333333
2017-07-08 13:48:12.71	440000 samples with acceptance rate: 0.08673409090909091
2017-07-08 13:49:03.584	445000 samples with acceptance rate: 0.08621573033707865
2017-07-08 13:49:54.497	450000 samples with acceptance rate: 0.0857311111111111
2017-07-08 13:50:45.399	455000 samples with acceptance rate: 0.08532967032967033
2017-07-08 13:51:36.516	460000 samples with acceptance rate: 0.08500869565217391
2017-07-08 13:52:27.915	465000 samples with acceptance rate: 0.08461505376344086
2017-07-08 13:53:18.979	470000 samples with acceptance rate: 0.08412553191489362
2017-07-08 13:54:09.938	475000 samples with acceptance rate: 0.08372421052631579
2017-07-08 13:55:00.847	480000 samples with acceptance rate: 0.08337916666666667
2017-07-08 13:55:51.809	485000 samples with acceptance rate: 0.08301649484536082
2017-07-08 13:56:42.762	490000 samples with acceptance rate: 0.08268979591836735
2017-07-08 13:57:33.725	495000 samples with acceptance rate: 0.08243030303030303
2017-07-08 13:58:24.664	500000 samples with acceptance rate: 0.082152
Accepted: 41076
Rejected: 458924
Samples used (less burn-in):450000
Acceptance rate: 0.082152
likelihood of E 	-1055729.564367128
Perplexity of E (nats) 	980.2113752859913
E[|w|]:	37984.86191247885
likelihood of Mode 	-1057044.4340401993
likelihood of ml mult 	-1054392.717157293
2017-07-08 13:58:24.788
