2017-07-08 12:35:29.416
#docs: 1400	 #words: 153276	 dictionary: 5769	 #sum_doc_vecs: 94839
2017-07-08 12:35:29.655
2017-07-08 12:39:28.305	5000 samples with acceptance rate: 0.4518
2017-07-08 12:43:27.946	10000 samples with acceptance rate: 0.4408
2017-07-08 12:47:28.274	15000 samples with acceptance rate: 0.42633333333333334
2017-07-08 12:51:28.79	20000 samples with acceptance rate: 0.4062
2017-07-08 12:55:29.232	25000 samples with acceptance rate: 0.38292
2017-07-08 12:59:29.804	30000 samples with acceptance rate: 0.36243333333333333
2017-07-08 13:03:31.414	35000 samples with acceptance rate: 0.34125714285714287
2017-07-08 13:07:33.036	40000 samples with acceptance rate: 0.32105
2017-07-08 13:11:34.969	45000 samples with acceptance rate: 0.30335555555555554
2017-07-08 13:15:35.922	50000 samples with acceptance rate: 0.28694
2017-07-08 13:19:36.763	55000 samples with acceptance rate: 0.2722
2017-07-08 13:23:36.885	60000 samples with acceptance rate: 0.25938333333333335
2017-07-08 13:27:37.155	65000 samples with acceptance rate: 0.24778461538461538
2017-07-08 13:31:37.81	70000 samples with acceptance rate: 0.23787142857142857
2017-07-08 13:35:37.402	75000 samples with acceptance rate: 0.22834666666666667
2017-07-08 13:39:37.441	80000 samples with acceptance rate: 0.220425
2017-07-08 13:43:37.687	85000 samples with acceptance rate: 0.2126705882352941
2017-07-08 13:47:37.937	90000 samples with acceptance rate: 0.2058
2017-07-08 13:51:37.417	95000 samples with acceptance rate: 0.19996842105263157
2017-07-08 13:55:37.059	100000 samples with acceptance rate: 0.19391
2017-07-08 13:59:23.851	105000 samples with acceptance rate: 0.18825714285714285
2017-07-08 14:02:42.055	110000 samples with acceptance rate: 0.18310909090909092
2017-07-08 14:05:59.919	115000 samples with acceptance rate: 0.1783478260869565
2017-07-08 14:09:17.53	120000 samples with acceptance rate: 0.1743
2017-07-08 14:12:35.595	125000 samples with acceptance rate: 0.169968
2017-07-08 14:15:53.385	130000 samples with acceptance rate: 0.16623076923076924
2017-07-08 14:19:11.683	135000 samples with acceptance rate: 0.16285185185185186
2017-07-08 14:22:29.36	140000 samples with acceptance rate: 0.15982857142857143
2017-07-08 14:25:46.923	145000 samples with acceptance rate: 0.15699310344827586
2017-07-08 14:29:05.308	150000 samples with acceptance rate: 0.15427333333333335
2017-07-08 14:32:23.514	155000 samples with acceptance rate: 0.15143870967741935
2017-07-08 14:35:41.609	160000 samples with acceptance rate: 0.1491
2017-07-08 14:38:59.57	165000 samples with acceptance rate: 0.14678181818181818
2017-07-08 14:42:17.078	170000 samples with acceptance rate: 0.14475294117647058
2017-07-08 14:45:35.066	175000 samples with acceptance rate: 0.14273714285714287
2017-07-08 14:48:52.607	180000 samples with acceptance rate: 0.14072222222222222
2017-07-08 14:52:10.499	185000 samples with acceptance rate: 0.13896216216216217
2017-07-08 14:55:28.664	190000 samples with acceptance rate: 0.13725263157894738
2017-07-08 14:58:46.911	195000 samples with acceptance rate: 0.13564102564102565
2017-07-08 15:02:05.001	200000 samples with acceptance rate: 0.13401
2017-07-08 15:05:22.849	205000 samples with acceptance rate: 0.13269268292682926
2017-07-08 15:08:40.431	210000 samples with acceptance rate: 0.1311952380952381
2017-07-08 15:11:58.329	215000 samples with acceptance rate: 0.1300418604651163
2017-07-08 15:15:15.886	220000 samples with acceptance rate: 0.12885
2017-07-08 15:18:33.679	225000 samples with acceptance rate: 0.12765333333333334
2017-07-08 15:21:51.572	230000 samples with acceptance rate: 0.1267304347826087
2017-07-08 15:25:09.388	235000 samples with acceptance rate: 0.1257531914893617
2017-07-08 15:28:27.197	240000 samples with acceptance rate: 0.12467916666666666
2017-07-08 15:31:45.691	245000 samples with acceptance rate: 0.1237265306122449
2017-07-08 15:35:03.853	250000 samples with acceptance rate: 0.12276
2017-07-08 15:38:21.743	255000 samples with acceptance rate: 0.12207450980392157
2017-07-08 15:41:39.93	260000 samples with acceptance rate: 0.12118076923076923
2017-07-08 15:44:57.936	265000 samples with acceptance rate: 0.12041509433962264
2017-07-08 15:48:15.975	270000 samples with acceptance rate: 0.11964074074074074
2017-07-08 15:51:33.455	275000 samples with acceptance rate: 0.11899272727272728
2017-07-08 15:54:51.455	280000 samples with acceptance rate: 0.11846071428571428
2017-07-08 15:58:09.274	285000 samples with acceptance rate: 0.11785964912280701
2017-07-08 16:01:27.416	290000 samples with acceptance rate: 0.11738620689655173
2017-07-08 16:04:45.479	295000 samples with acceptance rate: 0.11693220338983051
2017-07-08 16:08:03.258	300000 samples with acceptance rate: 0.11641666666666667
2017-07-08 16:11:21.326	305000 samples with acceptance rate: 0.1161967213114754
2017-07-08 16:14:39.64	310000 samples with acceptance rate: 0.11599677419354838
2017-07-08 16:17:57.423	315000 samples with acceptance rate: 0.11573333333333333
2017-07-08 16:21:15.046	320000 samples with acceptance rate: 0.115565625
2017-07-08 16:24:32.877	325000 samples with acceptance rate: 0.11523076923076923
2017-07-08 16:27:50.858	330000 samples with acceptance rate: 0.11492727272727273
2017-07-08 16:31:08.475	335000 samples with acceptance rate: 0.11474925373134329
2017-07-08 16:34:26.261	340000 samples with acceptance rate: 0.11459117647058824
2017-07-08 16:37:44.321	345000 samples with acceptance rate: 0.11448985507246377
2017-07-08 16:41:02.426	350000 samples with acceptance rate: 0.11444857142857143
2017-07-08 16:44:20.457	355000 samples with acceptance rate: 0.1144056338028169
2017-07-08 16:47:38.321	360000 samples with acceptance rate: 0.11438888888888889
2017-07-08 16:50:56.455	365000 samples with acceptance rate: 0.11443013698630138
2017-07-08 16:54:14.466	370000 samples with acceptance rate: 0.11442702702702702
2017-07-08 16:57:32.265	375000 samples with acceptance rate: 0.11442933333333333
2017-07-08 17:00:50.204	380000 samples with acceptance rate: 0.11450263157894737
2017-07-08 17:04:08.332	385000 samples with acceptance rate: 0.11474025974025974
2017-07-08 17:07:26.313	390000 samples with acceptance rate: 0.11496153846153846
2017-07-08 17:10:44.594	395000 samples with acceptance rate: 0.11511898734177216
2017-07-08 17:14:02.627	400000 samples with acceptance rate: 0.11533
2017-07-08 17:17:20.782	405000 samples with acceptance rate: 0.11555802469135802
2017-07-08 17:20:38.984	410000 samples with acceptance rate: 0.11594390243902439
2017-07-08 17:23:57.113	415000 samples with acceptance rate: 0.1164
2017-07-08 17:27:14.983	420000 samples with acceptance rate: 0.11673809523809524
2017-07-08 17:30:32.916	425000 samples with acceptance rate: 0.1171035294117647
2017-07-08 17:33:51.528	430000 samples with acceptance rate: 0.11755581395348837
2017-07-08 17:37:09.737	435000 samples with acceptance rate: 0.11801149425287356
2017-07-08 17:40:27.748	440000 samples with acceptance rate: 0.11847954545454545
2017-07-08 17:43:45.979	445000 samples with acceptance rate: 0.11898876404494382
2017-07-08 17:47:04.326	450000 samples with acceptance rate: 0.11947777777777778
2017-07-08 17:50:22.325	455000 samples with acceptance rate: 0.11997142857142858
2017-07-08 17:53:40.496	460000 samples with acceptance rate: 0.12056521739130435
2017-07-08 17:56:59.241	465000 samples with acceptance rate: 0.12113548387096774
2017-07-08 18:00:17.581	470000 samples with acceptance rate: 0.12165531914893617
2017-07-08 18:03:36.002	475000 samples with acceptance rate: 0.12212210526315789
2017-07-08 18:06:54.394	480000 samples with acceptance rate: 0.12267916666666667
2017-07-08 18:10:12.893	485000 samples with acceptance rate: 0.12329484536082475
2017-07-08 18:13:31.693	490000 samples with acceptance rate: 0.1239469387755102
2017-07-08 18:16:51.284	495000 samples with acceptance rate: 0.12452121212121212
2017-07-08 18:20:10.282	500000 samples with acceptance rate: 0.125184
Accepted: 62592
Rejected: 437408
Samples used (less burn-in):450000
Acceptance rate: 0.125184
likelihood of E 	-1039744.3103993979
Perplexity of E (nats) 	883.1345661406394
E[|w|]:	5742.2359839061
likelihood of Mode 	-1002944.7381051453
likelihood of ml mult 	-1054392.717157293
2017-07-08 18:20:10.447
