2017-07-08 12:35:52.641
#docs: 1400	 #words: 153276	 dictionary: 5769	 #sum_doc_vecs: 94839
2017-07-08 12:35:52.973
2017-07-08 12:39:55.951	5000 samples with acceptance rate: 0.4594
2017-07-08 12:43:59.06	10000 samples with acceptance rate: 0.4518
2017-07-08 12:48:02.509	15000 samples with acceptance rate: 0.44233333333333336
2017-07-08 12:52:06.111	20000 samples with acceptance rate: 0.42465
2017-07-08 12:56:09.757	25000 samples with acceptance rate: 0.40812
2017-07-08 13:00:13.914	30000 samples with acceptance rate: 0.39263333333333333
2017-07-08 13:04:17.364	35000 samples with acceptance rate: 0.37814285714285717
2017-07-08 13:08:21.436	40000 samples with acceptance rate: 0.36425
2017-07-08 13:12:26.89	45000 samples with acceptance rate: 0.35286666666666666
2017-07-08 13:16:31.856	50000 samples with acceptance rate: 0.3409
2017-07-08 13:20:37.53	55000 samples with acceptance rate: 0.3289818181818182
2017-07-08 13:24:43.516	60000 samples with acceptance rate: 0.31921666666666665
2017-07-08 13:28:48.961	65000 samples with acceptance rate: 0.3092615384615385
2017-07-08 13:32:54.163	70000 samples with acceptance rate: 0.29954285714285717
2017-07-08 13:36:59.469	75000 samples with acceptance rate: 0.29074666666666665
2017-07-08 13:41:04.522	80000 samples with acceptance rate: 0.2818375
2017-07-08 13:45:09.577	85000 samples with acceptance rate: 0.2743529411764706
2017-07-08 13:49:14.604	90000 samples with acceptance rate: 0.26726666666666665
2017-07-08 13:53:20.422	95000 samples with acceptance rate: 0.26054736842105264
2017-07-08 13:57:25.479	100000 samples with acceptance rate: 0.25425
2017-07-08 14:00:58.099	105000 samples with acceptance rate: 0.24828571428571428
2017-07-08 14:04:20.843	110000 samples with acceptance rate: 0.2423
2017-07-08 14:07:43.028	115000 samples with acceptance rate: 0.237
2017-07-08 14:11:05.569	120000 samples with acceptance rate: 0.232
2017-07-08 14:14:28.296	125000 samples with acceptance rate: 0.227032
2017-07-08 14:17:51.237	130000 samples with acceptance rate: 0.22253076923076923
2017-07-08 14:21:13.826	135000 samples with acceptance rate: 0.21825925925925926
2017-07-08 14:24:36.287	140000 samples with acceptance rate: 0.21423571428571428
2017-07-08 14:27:58.918	145000 samples with acceptance rate: 0.21077241379310344
2017-07-08 14:31:21.9	150000 samples with acceptance rate: 0.20740666666666666
2017-07-08 14:34:44.554	155000 samples with acceptance rate: 0.20440645161290322
2017-07-08 14:38:06.62	160000 samples with acceptance rate: 0.20145
2017-07-08 14:41:28.861	165000 samples with acceptance rate: 0.19824848484848484
2017-07-08 14:44:51.483	170000 samples with acceptance rate: 0.1953470588235294
2017-07-08 14:48:13.686	175000 samples with acceptance rate: 0.19216571428571427
2017-07-08 14:51:36.05	180000 samples with acceptance rate: 0.18945
2017-07-08 14:54:58.338	185000 samples with acceptance rate: 0.1868810810810811
2017-07-08 14:58:20.9	190000 samples with acceptance rate: 0.1843842105263158
2017-07-08 15:01:43.436	195000 samples with acceptance rate: 0.18196410256410256
2017-07-08 15:05:05.747	200000 samples with acceptance rate: 0.179705
2017-07-08 15:08:27.83	205000 samples with acceptance rate: 0.17799512195121953
2017-07-08 15:11:50.441	210000 samples with acceptance rate: 0.17585714285714285
2017-07-08 15:15:12.622	215000 samples with acceptance rate: 0.1735674418604651
2017-07-08 15:18:34.949	220000 samples with acceptance rate: 0.1715590909090909
2017-07-08 15:21:57.005	225000 samples with acceptance rate: 0.16968444444444444
2017-07-08 15:25:19.218	230000 samples with acceptance rate: 0.16785652173913043
2017-07-08 15:28:41.59	235000 samples with acceptance rate: 0.1662468085106383
2017-07-08 15:32:04.748	240000 samples with acceptance rate: 0.16454166666666667
2017-07-08 15:35:27.385	245000 samples with acceptance rate: 0.16288571428571427
2017-07-08 15:38:49.508	250000 samples with acceptance rate: 0.161272
2017-07-08 15:42:12.152	255000 samples with acceptance rate: 0.1596392156862745
2017-07-08 15:45:34.622	260000 samples with acceptance rate: 0.15823846153846155
2017-07-08 15:48:57.095	265000 samples with acceptance rate: 0.15678867924528303
2017-07-08 15:52:19.598	270000 samples with acceptance rate: 0.15545185185185184
2017-07-08 15:55:41.763	275000 samples with acceptance rate: 0.15409454545454546
2017-07-08 15:59:03.9	280000 samples with acceptance rate: 0.15290357142857142
2017-07-08 16:02:26.516	285000 samples with acceptance rate: 0.15167368421052632
2017-07-08 16:05:49.147	290000 samples with acceptance rate: 0.15058275862068965
2017-07-08 16:09:11.939	295000 samples with acceptance rate: 0.14940677966101695
2017-07-08 16:12:34.306	300000 samples with acceptance rate: 0.14808666666666667
2017-07-08 16:15:57.051	305000 samples with acceptance rate: 0.14699344262295083
2017-07-08 16:19:19.143	310000 samples with acceptance rate: 0.14594838709677418
2017-07-08 16:22:41.216	315000 samples with acceptance rate: 0.14478730158730158
2017-07-08 16:26:03.229	320000 samples with acceptance rate: 0.143721875
2017-07-08 16:29:25.397	325000 samples with acceptance rate: 0.1427076923076923
2017-07-08 16:32:47.511	330000 samples with acceptance rate: 0.14183030303030303
2017-07-08 16:36:09.963	335000 samples with acceptance rate: 0.14084179104477612
2017-07-08 16:39:32.688	340000 samples with acceptance rate: 0.13979411764705882
2017-07-08 16:42:55.2	345000 samples with acceptance rate: 0.1388550724637681
2017-07-08 16:46:17.545	350000 samples with acceptance rate: 0.13802
2017-07-08 16:49:40.131	355000 samples with acceptance rate: 0.13707887323943663
2017-07-08 16:53:02.271	360000 samples with acceptance rate: 0.13613333333333333
2017-07-08 16:56:24.425	365000 samples with acceptance rate: 0.135186301369863
2017-07-08 16:59:46.789	370000 samples with acceptance rate: 0.13427567567567567
2017-07-08 17:03:08.961	375000 samples with acceptance rate: 0.133456
2017-07-08 17:06:31.171	380000 samples with acceptance rate: 0.13263684210526316
2017-07-08 17:09:53.673	385000 samples with acceptance rate: 0.13174805194805195
2017-07-08 17:13:16.213	390000 samples with acceptance rate: 0.1309948717948718
2017-07-08 17:16:38.555	395000 samples with acceptance rate: 0.13027341772151899
2017-07-08 17:20:01.067	400000 samples with acceptance rate: 0.129515
2017-07-08 17:23:23.373	405000 samples with acceptance rate: 0.12867654320987654
2017-07-08 17:26:45.708	410000 samples with acceptance rate: 0.1279170731707317
2017-07-08 17:30:07.888	415000 samples with acceptance rate: 0.12718795180722892
2017-07-08 17:33:30.512	420000 samples with acceptance rate: 0.12647142857142857
2017-07-08 17:36:52.851	425000 samples with acceptance rate: 0.12573411764705883
2017-07-08 17:40:15.089	430000 samples with acceptance rate: 0.12503488372093025
2017-07-08 17:43:37.442	435000 samples with acceptance rate: 0.12438850574712644
2017-07-08 17:47:00.482	440000 samples with acceptance rate: 0.12367045454545454
2017-07-08 17:50:22.811	445000 samples with acceptance rate: 0.12307415730337079
2017-07-08 17:53:44.886	450000 samples with acceptance rate: 0.12254444444444444
2017-07-08 17:57:07.414	455000 samples with acceptance rate: 0.12188131868131868
2017-07-08 18:00:29.507	460000 samples with acceptance rate: 0.12121739130434783
2017-07-08 18:03:51.538	465000 samples with acceptance rate: 0.12065806451612904
2017-07-08 18:07:13.534	470000 samples with acceptance rate: 0.12009787234042553
2017-07-08 18:10:36.028	475000 samples with acceptance rate: 0.11951578947368421
2017-07-08 18:13:58.415	480000 samples with acceptance rate: 0.11898541666666666
2017-07-08 18:17:21.524	485000 samples with acceptance rate: 0.11847835051546392
2017-07-08 18:20:42.766	490000 samples with acceptance rate: 0.1179469387755102
2017-07-08 18:23:58.285	495000 samples with acceptance rate: 0.11737373737373738
2017-07-08 18:27:13.108	500000 samples with acceptance rate: 0.11683
Accepted: 58415
Rejected: 441585
Samples used (less burn-in):450000
Acceptance rate: 0.11683
likelihood of E 	-979940.8152328044
Perplexity of E (nats) 	597.8314761664202
E[|w|]:	13325.803173984512
likelihood of Mode 	-976936.145027781
likelihood of ml mult 	-1054392.717157293
2017-07-08 18:27:13.27
