2017-07-17 14:44:20.589
#docs: 1400	 #words: 153276	 dictionary: 5769	 #sum_doc_vecs: 94839
2017-07-17 14:44:20.82
2017-07-17 14:47:31.557	5000 samples with acceptance rate: 0.441
2017-07-17 14:50:42.07	10000 samples with acceptance rate: 0.4417
2017-07-17 14:53:53.224	15000 samples with acceptance rate: 0.42373333333333335
2017-07-17 14:57:09.407	20000 samples with acceptance rate: 0.4029
2017-07-17 15:00:23.441	25000 samples with acceptance rate: 0.38208
2017-07-17 15:03:37.721	30000 samples with acceptance rate: 0.35913333333333336
2017-07-17 15:06:51.626	35000 samples with acceptance rate: 0.33817142857142857
2017-07-17 15:10:05.143	40000 samples with acceptance rate: 0.3195
2017-07-17 15:13:19.119	45000 samples with acceptance rate: 0.3023111111111111
2017-07-17 15:16:33.799	50000 samples with acceptance rate: 0.28624
2017-07-17 15:19:48.462	55000 samples with acceptance rate: 0.2717636363636364
2017-07-17 15:23:03.84	60000 samples with acceptance rate: 0.26033333333333336
2017-07-17 15:26:18.584	65000 samples with acceptance rate: 0.24886153846153847
2017-07-17 15:29:34.603	70000 samples with acceptance rate: 0.2390142857142857
2017-07-17 15:32:48.881	75000 samples with acceptance rate: 0.22997333333333334
2017-07-17 15:36:03.384	80000 samples with acceptance rate: 0.2219875
2017-07-17 15:39:18.14	85000 samples with acceptance rate: 0.21434117647058823
2017-07-17 15:42:32.907	90000 samples with acceptance rate: 0.207
2017-07-17 15:45:47.31	95000 samples with acceptance rate: 0.20069473684210526
2017-07-17 15:49:02.096	100000 samples with acceptance rate: 0.19481
2017-07-17 15:52:16.746	105000 samples with acceptance rate: 0.18992380952380952
2017-07-17 15:55:31.615	110000 samples with acceptance rate: 0.18488181818181817
2017-07-17 15:58:46.149	115000 samples with acceptance rate: 0.1804086956521739
2017-07-17 16:02:01.094	120000 samples with acceptance rate: 0.1754
2017-07-17 16:05:16.053	125000 samples with acceptance rate: 0.171592
2017-07-17 16:08:30.536	130000 samples with acceptance rate: 0.16795384615384615
2017-07-17 16:11:44.976	135000 samples with acceptance rate: 0.1645037037037037
2017-07-17 16:14:59.391	140000 samples with acceptance rate: 0.16095
2017-07-17 16:18:13.746	145000 samples with acceptance rate: 0.1578896551724138
2017-07-17 16:21:28.343	150000 samples with acceptance rate: 0.15525333333333333
2017-07-17 16:24:42.354	155000 samples with acceptance rate: 0.15265806451612904
2017-07-17 16:27:57.171	160000 samples with acceptance rate: 0.15005
2017-07-17 16:31:11.998	165000 samples with acceptance rate: 0.14756969696969696
2017-07-17 16:34:27.166	170000 samples with acceptance rate: 0.14532941176470587
2017-07-17 16:37:42.006	175000 samples with acceptance rate: 0.14301142857142857
2017-07-17 16:40:56.827	180000 samples with acceptance rate: 0.14104444444444444
2017-07-17 16:44:12.004	185000 samples with acceptance rate: 0.13944864864864864
2017-07-17 16:47:26.511	190000 samples with acceptance rate: 0.13782631578947369
2017-07-17 16:50:41.365	195000 samples with acceptance rate: 0.1361897435897436
2017-07-17 16:53:55.903	200000 samples with acceptance rate: 0.1348
2017-07-17 16:57:10.594	205000 samples with acceptance rate: 0.1334439024390244
2017-07-17 17:00:25.578	210000 samples with acceptance rate: 0.1321952380952381
2017-07-17 17:03:40.992	215000 samples with acceptance rate: 0.13109767441860465
2017-07-17 17:06:55.04	220000 samples with acceptance rate: 0.12992272727272727
2017-07-17 17:10:09.332	225000 samples with acceptance rate: 0.12875111111111112
2017-07-17 17:13:24.337	230000 samples with acceptance rate: 0.12770434782608694
2017-07-17 17:16:39.315	235000 samples with acceptance rate: 0.1267787234042553
2017-07-17 17:19:53.908	240000 samples with acceptance rate: 0.125775
2017-07-17 17:23:07.778	245000 samples with acceptance rate: 0.12471836734693878
2017-07-17 17:26:18.84	250000 samples with acceptance rate: 0.123836
2017-07-17 17:29:29.572	255000 samples with acceptance rate: 0.12324313725490196
2017-07-17 17:32:40.009	260000 samples with acceptance rate: 0.12257692307692308
2017-07-17 17:35:50.379	265000 samples with acceptance rate: 0.12188679245283018
2017-07-17 17:39:00.916	270000 samples with acceptance rate: 0.12121111111111112
2017-07-17 17:42:11.444	275000 samples with acceptance rate: 0.12052363636363636
2017-07-17 17:45:21.924	280000 samples with acceptance rate: 0.12009642857142858
2017-07-17 17:48:32.473	285000 samples with acceptance rate: 0.11959298245614035
2017-07-17 17:51:43.15	290000 samples with acceptance rate: 0.11899655172413794
2017-07-17 17:54:53.539	295000 samples with acceptance rate: 0.11844406779661017
2017-07-17 17:58:04.152	300000 samples with acceptance rate: 0.11794666666666667
2017-07-17 18:01:15.001	305000 samples with acceptance rate: 0.11749508196721312
2017-07-17 18:04:26.132	310000 samples with acceptance rate: 0.11707741935483872
2017-07-17 18:07:36.633	315000 samples with acceptance rate: 0.11677777777777777
2017-07-17 18:10:47.269	320000 samples with acceptance rate: 0.116509375
2017-07-17 18:13:57.873	325000 samples with acceptance rate: 0.11624
2017-07-17 18:17:08.344	330000 samples with acceptance rate: 0.11596666666666666
2017-07-17 18:20:18.988	335000 samples with acceptance rate: 0.11574925373134329
2017-07-17 18:23:29.888	340000 samples with acceptance rate: 0.11550294117647059
2017-07-17 18:26:40.626	345000 samples with acceptance rate: 0.11524927536231884
2017-07-17 18:29:51.107	350000 samples with acceptance rate: 0.11520857142857142
2017-07-17 18:33:01.961	355000 samples with acceptance rate: 0.11515211267605634
2017-07-17 18:36:12.343	360000 samples with acceptance rate: 0.11506666666666666
2017-07-17 18:39:23.053	365000 samples with acceptance rate: 0.11481095890410958
2017-07-17 18:42:33.644	370000 samples with acceptance rate: 0.11475675675675676
2017-07-17 18:45:44.282	375000 samples with acceptance rate: 0.11492533333333334
2017-07-17 18:48:54.872	380000 samples with acceptance rate: 0.11501315789473684
2017-07-17 18:52:05.546	385000 samples with acceptance rate: 0.11518961038961038
2017-07-17 18:55:16.054	390000 samples with acceptance rate: 0.1153
2017-07-17 18:58:26.673	395000 samples with acceptance rate: 0.11555696202531646
2017-07-17 19:01:37.244	400000 samples with acceptance rate: 0.1157275
2017-07-17 19:04:48.009	405000 samples with acceptance rate: 0.116
2017-07-17 19:07:58.895	410000 samples with acceptance rate: 0.11632926829268293
2017-07-17 19:11:09.941	415000 samples with acceptance rate: 0.11670602409638554
2017-07-17 19:14:20.962	420000 samples with acceptance rate: 0.11706666666666667
2017-07-17 19:17:31.862	425000 samples with acceptance rate: 0.11756
2017-07-17 19:20:42.467	430000 samples with acceptance rate: 0.11799767441860465
2017-07-17 19:23:53.344	435000 samples with acceptance rate: 0.11843908045977011
2017-07-17 19:27:04.277	440000 samples with acceptance rate: 0.11888636363636364
2017-07-17 19:30:15.268	445000 samples with acceptance rate: 0.11948539325842697
2017-07-17 19:33:26.196	450000 samples with acceptance rate: 0.11994
2017-07-17 19:36:37.153	455000 samples with acceptance rate: 0.12058461538461539
2017-07-17 19:39:48.1	460000 samples with acceptance rate: 0.1211891304347826
2017-07-17 19:42:59.629	465000 samples with acceptance rate: 0.12163655913978495
2017-07-17 19:46:11.294	470000 samples with acceptance rate: 0.12226595744680852
2017-07-17 19:49:22.603	475000 samples with acceptance rate: 0.12295368421052631
2017-07-17 19:52:33.785	480000 samples with acceptance rate: 0.12342083333333333
2017-07-17 19:55:45.615	485000 samples with acceptance rate: 0.12397525773195876
2017-07-17 19:58:56.851	490000 samples with acceptance rate: 0.12463877551020408
2017-07-17 20:02:08.188	495000 samples with acceptance rate: 0.12516363636363637
2017-07-17 20:05:20.131	500000 samples with acceptance rate: 0.125692
Accepted: 62846
Rejected: 437154
Samples used (less burn-in):450000
Acceptance rate: 0.125692
likelihood of E 	-1039941.9792728777
Perplexity of E (nats) 	884.2742150561178
E[|w|]:	5872.588176390531
likelihood of ml mult 	-1054392.717157293
Perplexity of ml mult (nats) 	971.699312681112
2017-07-17 20:05:20.243
