2017-07-09 20:39:51.358
#docs: 1400	 #words: 153276	 dictionary: 5769	 #sum_doc_vecs: 94839
2017-07-09 20:39:51.741
2017-07-09 20:44:26.428	5000 samples with acceptance rate: 0.4492
2017-07-09 20:49:04.124	10000 samples with acceptance rate: 0.4435
2017-07-09 20:53:48.917	15000 samples with acceptance rate: 0.4262666666666667
2017-07-09 20:58:37.375	20000 samples with acceptance rate: 0.40165
2017-07-09 21:03:22.278	25000 samples with acceptance rate: 0.37856
2017-07-09 21:08:28.777	30000 samples with acceptance rate: 0.35533333333333333
2017-07-09 21:13:51.306	35000 samples with acceptance rate: 0.335
2017-07-09 21:18:38.209	40000 samples with acceptance rate: 0.315675
2017-07-09 21:23:29.974	45000 samples with acceptance rate: 0.29986666666666667
2017-07-09 21:28:07.761	50000 samples with acceptance rate: 0.28538
2017-07-09 21:33:05.717	55000 samples with acceptance rate: 0.2716
2017-07-09 21:37:47.513	60000 samples with acceptance rate: 0.2589666666666667
2017-07-09 21:42:43.852	65000 samples with acceptance rate: 0.24807692307692308
2017-07-09 21:47:28.699	70000 samples with acceptance rate: 0.23865714285714285
2017-07-09 21:52:11.405	75000 samples with acceptance rate: 0.23024
2017-07-09 21:56:56.091	80000 samples with acceptance rate: 0.2222375
2017-07-09 22:01:42.147	85000 samples with acceptance rate: 0.2156
2017-07-09 22:06:14.114	90000 samples with acceptance rate: 0.20952222222222222
2017-07-09 22:11:15.561	95000 samples with acceptance rate: 0.20437894736842105
2017-07-09 22:16:19.622	100000 samples with acceptance rate: 0.19973
2017-07-09 22:20:52.357	105000 samples with acceptance rate: 0.19524761904761906
2017-07-09 22:25:39.2	110000 samples with acceptance rate: 0.1912909090909091
2017-07-09 22:30:31.649	115000 samples with acceptance rate: 0.18765217391304348
2017-07-09 22:35:41.885	120000 samples with acceptance rate: 0.18429166666666666
2017-07-09 22:40:31.965	125000 samples with acceptance rate: 0.181176
2017-07-09 22:45:18.441	130000 samples with acceptance rate: 0.17828461538461537
2017-07-09 22:50:15.631	135000 samples with acceptance rate: 0.17566666666666667
2017-07-09 22:54:53.919	140000 samples with acceptance rate: 0.17390714285714284
2017-07-09 22:59:50.955	145000 samples with acceptance rate: 0.17181379310344827
2017-07-09 23:04:53.552	150000 samples with acceptance rate: 0.17026
2017-07-09 23:09:37.027	155000 samples with acceptance rate: 0.1687935483870968
2017-07-09 23:14:22.056	160000 samples with acceptance rate: 0.1675
2017-07-09 23:19:03.573	165000 samples with acceptance rate: 0.1662060606060606
2017-07-09 23:23:48.403	170000 samples with acceptance rate: 0.16488823529411764
2017-07-09 23:29:02.349	175000 samples with acceptance rate: 0.16385142857142856
2017-07-09 23:33:51.067	180000 samples with acceptance rate: 0.16298888888888888
2017-07-09 23:38:45.724	185000 samples with acceptance rate: 0.16223243243243243
2017-07-09 23:43:36.889	190000 samples with acceptance rate: 0.16173157894736842
2017-07-09 23:48:50.123	195000 samples with acceptance rate: 0.16121538461538462
2017-07-09 23:53:17.302	200000 samples with acceptance rate: 0.16093
2017-07-09 23:58:04.654	205000 samples with acceptance rate: 0.16074634146341463
2017-07-10 00:02:47.515	210000 samples with acceptance rate: 0.16064761904761904
2017-07-10 00:07:36.885	215000 samples with acceptance rate: 0.16062790697674417
2017-07-10 00:12:22.721	220000 samples with acceptance rate: 0.16091363636363637
2017-07-10 00:17:33.198	225000 samples with acceptance rate: 0.16115555555555555
2017-07-10 00:22:27.305	230000 samples with acceptance rate: 0.16152608695652174
2017-07-10 00:27:19.261	235000 samples with acceptance rate: 0.16177446808510637
2017-07-10 00:32:35.756	240000 samples with acceptance rate: 0.16216666666666665
2017-07-10 00:37:25.956	245000 samples with acceptance rate: 0.16245714285714286
2017-07-10 00:42:19.745	250000 samples with acceptance rate: 0.162744
2017-07-10 00:47:15.258	255000 samples with acceptance rate: 0.16318823529411763
2017-07-10 00:52:19.291	260000 samples with acceptance rate: 0.16359615384615384
2017-07-10 00:57:07.737	265000 samples with acceptance rate: 0.16417358490566036
2017-07-10 01:02:08.582	270000 samples with acceptance rate: 0.1645185185185185
2017-07-10 01:07:09.823	275000 samples with acceptance rate: 0.16506545454545454
2017-07-10 01:12:03.883	280000 samples with acceptance rate: 0.16531428571428572
2017-07-10 01:17:06.917	285000 samples with acceptance rate: 0.16575087719298245
2017-07-10 01:22:00.495	290000 samples with acceptance rate: 0.16627586206896552
2017-07-10 01:26:47.525	295000 samples with acceptance rate: 0.1666135593220339
2017-07-10 01:31:33.547	300000 samples with acceptance rate: 0.16688666666666666
2017-07-10 01:36:15.308	305000 samples with acceptance rate: 0.16704918032786886
2017-07-10 01:41:11.625	310000 samples with acceptance rate: 0.16725806451612904
2017-07-10 01:46:08.413	315000 samples with acceptance rate: 0.1675015873015873
2017-07-10 01:50:46.332	320000 samples with acceptance rate: 0.167503125
2017-07-10 01:55:30.806	325000 samples with acceptance rate: 0.16757538461538463
2017-07-10 02:00:21.533	330000 samples with acceptance rate: 0.16768181818181818
2017-07-10 02:05:08.977	335000 samples with acceptance rate: 0.16762686567164178
2017-07-10 02:09:47.391	340000 samples with acceptance rate: 0.16746764705882353
2017-07-10 02:14:30.747	345000 samples with acceptance rate: 0.16731304347826087
2017-07-10 02:19:26.356	350000 samples with acceptance rate: 0.1670542857142857
2017-07-10 02:24:19.675	355000 samples with acceptance rate: 0.1669492957746479
2017-07-10 02:28:56.379	360000 samples with acceptance rate: 0.16656944444444444
2017-07-10 02:34:02.259	365000 samples with acceptance rate: 0.16633698630136987
2017-07-10 02:38:32.939	370000 samples with acceptance rate: 0.16607297297297297
2017-07-10 02:43:37.267	375000 samples with acceptance rate: 0.165728
2017-07-10 02:48:54.635	380000 samples with acceptance rate: 0.16539736842105263
2017-07-10 02:52:35.512	385000 samples with acceptance rate: 0.165
2017-07-10 02:56:09.18	390000 samples with acceptance rate: 0.16473846153846153
2017-07-10 02:59:42.127	395000 samples with acceptance rate: 0.16430379746835444
2017-07-10 03:03:15.137	400000 samples with acceptance rate: 0.1639375
2017-07-10 03:06:48.583	405000 samples with acceptance rate: 0.16349876543209876
2017-07-10 03:10:21.72	410000 samples with acceptance rate: 0.16312926829268293
2017-07-10 03:13:55.197	415000 samples with acceptance rate: 0.1627012048192771
2017-07-10 03:17:28.096	420000 samples with acceptance rate: 0.16233095238095238
2017-07-10 03:20:55.781	425000 samples with acceptance rate: 0.16178117647058823
2017-07-10 03:24:14.896	430000 samples with acceptance rate: 0.1614139534883721
2017-07-10 03:27:33.832	435000 samples with acceptance rate: 0.1610022988505747
2017-07-10 03:30:53.013	440000 samples with acceptance rate: 0.16062954545454544
2017-07-10 03:34:11.931	445000 samples with acceptance rate: 0.1601820224719101
2017-07-10 03:37:31.06	450000 samples with acceptance rate: 0.15985333333333332
2017-07-10 03:40:49.782	455000 samples with acceptance rate: 0.15951868131868133
2017-07-10 03:44:08.477	460000 samples with acceptance rate: 0.15917391304347825
2017-07-10 03:47:27.237	465000 samples with acceptance rate: 0.15883655913978495
2017-07-10 03:50:46.229	470000 samples with acceptance rate: 0.15843191489361702
2017-07-10 03:54:05.537	475000 samples with acceptance rate: 0.15802526315789472
2017-07-10 03:57:25.21	480000 samples with acceptance rate: 0.15762916666666665
2017-07-10 04:00:44.317	485000 samples with acceptance rate: 0.1571958762886598
2017-07-10 04:04:03.798	490000 samples with acceptance rate: 0.15687551020408164
2017-07-10 04:07:22.881	495000 samples with acceptance rate: 0.15653131313131313
2017-07-10 04:10:37.895	500000 samples with acceptance rate: 0.156092
Accepted: 78046
Rejected: 421954
Samples used (less burn-in):450000
Acceptance rate: 0.156092
likelihood of E 	-1001572.4859146137
Perplexity of E (nats) 	688.4466203971642
E[|w|]:	1315.6474658653672
likelihood of Mode 	-985852.9418395546
likelihood of ml mult 	-1054392.717157293
2017-07-10 04:10:38.046
