2017-07-08 20:19:47.147
#docs: 1460	 #words: 115527	 dictionary: 7062	 #sum_doc_vecs: 85795
2017-07-08 20:19:47.298
2017-07-08 20:23:21.999	5000 samples with acceptance rate: 0.4436
2017-07-08 20:27:03.798	10000 samples with acceptance rate: 0.4332
2017-07-08 20:30:45.45	15000 samples with acceptance rate: 0.4251333333333333
2017-07-08 20:34:27.71	20000 samples with acceptance rate: 0.40935
2017-07-08 20:38:10.264	25000 samples with acceptance rate: 0.39096
2017-07-08 20:41:52.691	30000 samples with acceptance rate: 0.37266666666666665
2017-07-08 20:45:36.045	35000 samples with acceptance rate: 0.3553428571428571
2017-07-08 20:49:21.598	40000 samples with acceptance rate: 0.337625
2017-07-08 20:53:04.924	45000 samples with acceptance rate: 0.3226
2017-07-08 20:56:49.526	50000 samples with acceptance rate: 0.30804
2017-07-08 21:00:34.569	55000 samples with acceptance rate: 0.29454545454545455
2017-07-08 21:04:19.797	60000 samples with acceptance rate: 0.2817
2017-07-08 21:08:04.906	65000 samples with acceptance rate: 0.2705692307692308
2017-07-08 21:11:49.941	70000 samples with acceptance rate: 0.26024285714285716
2017-07-08 21:15:35.519	75000 samples with acceptance rate: 0.25109333333333334
2017-07-08 21:19:20.259	80000 samples with acceptance rate: 0.2429875
2017-07-08 21:23:04.679	85000 samples with acceptance rate: 0.23511764705882354
2017-07-08 21:26:50.192	90000 samples with acceptance rate: 0.2280111111111111
2017-07-08 21:30:35.646	95000 samples with acceptance rate: 0.2220315789473684
2017-07-08 21:34:20.753	100000 samples with acceptance rate: 0.21603
2017-07-08 21:38:05.203	105000 samples with acceptance rate: 0.2106
2017-07-08 21:41:49.781	110000 samples with acceptance rate: 0.20521818181818183
2017-07-08 21:45:34.106	115000 samples with acceptance rate: 0.2008695652173913
2017-07-08 21:49:18.566	120000 samples with acceptance rate: 0.19678333333333334
2017-07-08 21:53:03.126	125000 samples with acceptance rate: 0.19324
2017-07-08 21:56:48.32	130000 samples with acceptance rate: 0.1896076923076923
2017-07-08 22:00:33.741	135000 samples with acceptance rate: 0.18624444444444443
2017-07-08 22:04:18.967	140000 samples with acceptance rate: 0.1828857142857143
2017-07-08 22:08:04.148	145000 samples with acceptance rate: 0.17966206896551723
2017-07-08 22:11:49.178	150000 samples with acceptance rate: 0.17702
2017-07-08 22:15:34.669	155000 samples with acceptance rate: 0.17472903225806452
2017-07-08 22:19:19.466	160000 samples with acceptance rate: 0.172325
2017-07-08 22:22:37.009	165000 samples with acceptance rate: 0.17026060606060606
2017-07-08 22:25:30.755	170000 samples with acceptance rate: 0.16833529411764706
2017-07-08 22:28:24.374	175000 samples with acceptance rate: 0.16624
2017-07-08 22:31:18.307	180000 samples with acceptance rate: 0.16415
2017-07-08 22:34:11.878	185000 samples with acceptance rate: 0.16218378378378379
2017-07-08 22:37:05.518	190000 samples with acceptance rate: 0.1603105263157895
2017-07-08 22:39:58.995	195000 samples with acceptance rate: 0.15857435897435898
2017-07-08 22:42:52.431	200000 samples with acceptance rate: 0.15687
2017-07-08 22:45:46.249	205000 samples with acceptance rate: 0.15507317073170732
2017-07-08 22:48:39.985	210000 samples with acceptance rate: 0.15369047619047618
2017-07-08 22:51:34.02	215000 samples with acceptance rate: 0.1524
2017-07-08 22:54:27.691	220000 samples with acceptance rate: 0.15132272727272728
2017-07-08 22:57:21.65	225000 samples with acceptance rate: 0.15023111111111112
2017-07-08 23:00:15.201	230000 samples with acceptance rate: 0.1489608695652174
2017-07-08 23:03:09.021	235000 samples with acceptance rate: 0.14800425531914893
2017-07-08 23:06:03.059	240000 samples with acceptance rate: 0.147
2017-07-08 23:08:56.542	245000 samples with acceptance rate: 0.145934693877551
2017-07-08 23:11:49.932	250000 samples with acceptance rate: 0.14492
2017-07-08 23:14:43.692	255000 samples with acceptance rate: 0.14405098039215686
2017-07-08 23:17:37.926	260000 samples with acceptance rate: 0.14314230769230768
2017-07-08 23:20:31.8	265000 samples with acceptance rate: 0.14205283018867926
2017-07-08 23:23:25.881	270000 samples with acceptance rate: 0.1411851851851852
2017-07-08 23:26:20.327	275000 samples with acceptance rate: 0.14034545454545455
2017-07-08 23:29:14.298	280000 samples with acceptance rate: 0.13959285714285713
2017-07-08 23:32:08.276	285000 samples with acceptance rate: 0.13885964912280702
2017-07-08 23:35:02.352	290000 samples with acceptance rate: 0.13803793103448275
2017-07-08 23:37:56.289	295000 samples with acceptance rate: 0.1372508474576271
2017-07-08 23:40:50.269	300000 samples with acceptance rate: 0.13651
2017-07-08 23:43:44.24	305000 samples with acceptance rate: 0.1356950819672131
2017-07-08 23:46:38.121	310000 samples with acceptance rate: 0.1350806451612903
2017-07-08 23:49:32.245	315000 samples with acceptance rate: 0.13444126984126983
2017-07-08 23:52:26.28	320000 samples with acceptance rate: 0.13384375
2017-07-08 23:55:20.095	325000 samples with acceptance rate: 0.13301846153846153
2017-07-08 23:58:14.29	330000 samples with acceptance rate: 0.13244242424242425
2017-07-09 00:01:08.202	335000 samples with acceptance rate: 0.13179402985074626
2017-07-09 00:04:01.942	340000 samples with acceptance rate: 0.13131764705882354
2017-07-09 00:06:56.012	345000 samples with acceptance rate: 0.13073333333333334
2017-07-09 00:09:50.433	350000 samples with acceptance rate: 0.13023428571428572
2017-07-09 00:12:44.156	355000 samples with acceptance rate: 0.12972394366197182
2017-07-09 00:15:38.163	360000 samples with acceptance rate: 0.12927222222222223
2017-07-09 00:18:32.114	365000 samples with acceptance rate: 0.12882465753424657
2017-07-09 00:21:25.868	370000 samples with acceptance rate: 0.12827027027027027
2017-07-09 00:24:19.816	375000 samples with acceptance rate: 0.12781866666666666
2017-07-09 00:27:13.414	380000 samples with acceptance rate: 0.12748684210526315
2017-07-09 00:30:06.93	385000 samples with acceptance rate: 0.12712727272727273
2017-07-09 00:33:00.799	390000 samples with acceptance rate: 0.12676666666666667
2017-07-09 00:35:54.556	395000 samples with acceptance rate: 0.12634430379746836
2017-07-09 00:38:48.095	400000 samples with acceptance rate: 0.126105
2017-07-09 00:41:41.958	405000 samples with acceptance rate: 0.12571604938271605
2017-07-09 00:44:36.124	410000 samples with acceptance rate: 0.1254
2017-07-09 00:47:30.155	415000 samples with acceptance rate: 0.125144578313253
2017-07-09 00:50:24.154	420000 samples with acceptance rate: 0.12485238095238095
2017-07-09 00:53:17.884	425000 samples with acceptance rate: 0.12449176470588236
2017-07-09 00:56:11.772	430000 samples with acceptance rate: 0.12424883720930233
2017-07-09 00:59:05.953	435000 samples with acceptance rate: 0.12400919540229885
2017-07-09 01:01:59.942	440000 samples with acceptance rate: 0.12367727272727273
2017-07-09 01:04:53.826	445000 samples with acceptance rate: 0.12352584269662921
2017-07-09 01:07:47.666	450000 samples with acceptance rate: 0.12328666666666667
2017-07-09 01:10:41.56	455000 samples with acceptance rate: 0.12306373626373626
2017-07-09 01:13:35.397	460000 samples with acceptance rate: 0.12288478260869565
2017-07-09 01:16:29.235	465000 samples with acceptance rate: 0.12263870967741936
2017-07-09 01:19:23.382	470000 samples with acceptance rate: 0.12242553191489362
2017-07-09 01:22:17.619	475000 samples with acceptance rate: 0.12208
2017-07-09 01:25:11.64	480000 samples with acceptance rate: 0.12181458333333334
2017-07-09 01:28:05.315	485000 samples with acceptance rate: 0.1215938144329897
2017-07-09 01:30:59.219	490000 samples with acceptance rate: 0.12131428571428571
2017-07-09 01:33:52.915	495000 samples with acceptance rate: 0.12108282828282828
2017-07-09 01:36:46.899	500000 samples with acceptance rate: 0.120916
Accepted: 60458
Rejected: 439542
Samples used (less burn-in):450000
Acceptance rate: 0.120916
likelihood of E 	-826758.0617974263
Perplexity of E (nats) 	1282.2934752730748
E[|w|]:	20103.448423170812
likelihood of Mode 	-827605.2505493516
likelihood of ml mult 	-829203.8525749055
2017-07-09 01:36:47.092
