2017-07-09 20:36:31.658
#docs: 1460	 #words: 115527	 dictionary: 7062	 #sum_doc_vecs: 85795
2017-07-09 20:36:31.799
2017-07-09 20:39:22.809	5000 samples with acceptance rate: 0.46
2017-07-09 20:43:46.04	10000 samples with acceptance rate: 0.4455
2017-07-09 20:48:13.69	15000 samples with acceptance rate: 0.4298666666666667
2017-07-09 20:52:35.468	20000 samples with acceptance rate: 0.4112
2017-07-09 20:56:55.355	25000 samples with acceptance rate: 0.3918
2017-07-09 21:01:12.667	30000 samples with acceptance rate: 0.3713666666666667
2017-07-09 21:05:08.461	35000 samples with acceptance rate: 0.35205714285714285
2017-07-09 21:09:01.423	40000 samples with acceptance rate: 0.335625
2017-07-09 21:12:47.976	45000 samples with acceptance rate: 0.31933333333333336
2017-07-09 21:16:33.673	50000 samples with acceptance rate: 0.3041
2017-07-09 21:20:48.829	55000 samples with acceptance rate: 0.29112727272727273
2017-07-09 21:24:44.837	60000 samples with acceptance rate: 0.2796166666666667
2017-07-09 21:29:01.508	65000 samples with acceptance rate: 0.26806153846153846
2017-07-09 21:32:59.799	70000 samples with acceptance rate: 0.2589142857142857
2017-07-09 21:37:26.218	75000 samples with acceptance rate: 0.24977333333333335
2017-07-09 21:41:43.797	80000 samples with acceptance rate: 0.2413125
2017-07-09 21:46:01.582	85000 samples with acceptance rate: 0.234
2017-07-09 21:50:24.959	90000 samples with acceptance rate: 0.22711111111111112
2017-07-09 21:54:35.218	95000 samples with acceptance rate: 0.22127368421052632
2017-07-09 21:58:43.254	100000 samples with acceptance rate: 0.21541
2017-07-09 22:02:53.251	105000 samples with acceptance rate: 0.21046666666666666
2017-07-09 22:07:01.686	110000 samples with acceptance rate: 0.20575454545454547
2017-07-09 22:11:29.938	115000 samples with acceptance rate: 0.20158260869565217
2017-07-09 22:15:37.158	120000 samples with acceptance rate: 0.19745833333333335
2017-07-09 22:20:03.917	125000 samples with acceptance rate: 0.19348
2017-07-09 22:24:03.599	130000 samples with acceptance rate: 0.18984615384615386
2017-07-09 22:28:01.702	135000 samples with acceptance rate: 0.18660740740740742
2017-07-09 22:31:52.643	140000 samples with acceptance rate: 0.18372142857142856
2017-07-09 22:36:01.241	145000 samples with acceptance rate: 0.18060689655172413
2017-07-09 22:39:45.47	150000 samples with acceptance rate: 0.17753333333333332
2017-07-09 22:44:04.724	155000 samples with acceptance rate: 0.17487096774193547
2017-07-09 22:48:07.787	160000 samples with acceptance rate: 0.172525
2017-07-09 22:52:18.532	165000 samples with acceptance rate: 0.17023636363636363
2017-07-09 22:56:22.493	170000 samples with acceptance rate: 0.1683235294117647
2017-07-09 23:00:22.217	175000 samples with acceptance rate: 0.16646285714285713
2017-07-09 23:04:42.341	180000 samples with acceptance rate: 0.1642722222222222
2017-07-09 23:09:05.248	185000 samples with acceptance rate: 0.16250810810810812
2017-07-09 23:13:22.06	190000 samples with acceptance rate: 0.16104736842105263
2017-07-09 23:17:42.196	195000 samples with acceptance rate: 0.1593794871794872
2017-07-09 23:22:07.468	200000 samples with acceptance rate: 0.157655
2017-07-09 23:26:21.505	205000 samples with acceptance rate: 0.15609756097560976
2017-07-09 23:30:18.761	210000 samples with acceptance rate: 0.15465714285714285
2017-07-09 23:34:44.165	215000 samples with acceptance rate: 0.15345116279069768
2017-07-09 23:38:55.822	220000 samples with acceptance rate: 0.15215
2017-07-09 23:43:12.754	225000 samples with acceptance rate: 0.15084
2017-07-09 23:47:12.262	230000 samples with acceptance rate: 0.1497913043478261
2017-07-09 23:51:36.863	235000 samples with acceptance rate: 0.14886808510638297
2017-07-09 23:55:58.66	240000 samples with acceptance rate: 0.14768333333333333
2017-07-10 00:00:19.17	245000 samples with acceptance rate: 0.14671836734693877
2017-07-10 00:04:26.794	250000 samples with acceptance rate: 0.145672
2017-07-10 00:08:44.981	255000 samples with acceptance rate: 0.14464313725490197
2017-07-10 00:12:41.615	260000 samples with acceptance rate: 0.1437
2017-07-10 00:16:28.616	265000 samples with acceptance rate: 0.14279622641509435
2017-07-10 00:20:23.343	270000 samples with acceptance rate: 0.14203703703703704
2017-07-10 00:24:32.919	275000 samples with acceptance rate: 0.14126181818181818
2017-07-10 00:28:32.863	280000 samples with acceptance rate: 0.14046785714285714
2017-07-10 00:32:37.074	285000 samples with acceptance rate: 0.13961052631578946
2017-07-10 00:36:36.168	290000 samples with acceptance rate: 0.13894827586206895
2017-07-10 00:40:22.125	295000 samples with acceptance rate: 0.13831864406779662
2017-07-10 00:44:03.967	300000 samples with acceptance rate: 0.13769
2017-07-10 00:48:19.013	305000 samples with acceptance rate: 0.13703934426229508
2017-07-10 00:52:24.693	310000 samples with acceptance rate: 0.1363290322580645
2017-07-10 00:56:29.842	315000 samples with acceptance rate: 0.13571111111111112
2017-07-10 01:00:31.864	320000 samples with acceptance rate: 0.135090625
2017-07-10 01:04:31.486	325000 samples with acceptance rate: 0.13447692307692308
2017-07-10 01:08:36.921	330000 samples with acceptance rate: 0.13396969696969696
2017-07-10 01:12:44.641	335000 samples with acceptance rate: 0.13338805970149253
2017-07-10 01:16:45.685	340000 samples with acceptance rate: 0.13290882352941177
2017-07-10 01:20:49.796	345000 samples with acceptance rate: 0.13232463768115943
2017-07-10 01:24:49.136	350000 samples with acceptance rate: 0.13181142857142858
2017-07-10 01:28:57.653	355000 samples with acceptance rate: 0.13134084507042254
2017-07-10 01:33:12.472	360000 samples with acceptance rate: 0.13084166666666666
2017-07-10 01:37:23.008	365000 samples with acceptance rate: 0.1302931506849315
2017-07-10 01:41:42.271	370000 samples with acceptance rate: 0.12975405405405405
2017-07-10 01:45:47.522	375000 samples with acceptance rate: 0.12925333333333333
2017-07-10 01:50:06.441	380000 samples with acceptance rate: 0.12881315789473685
2017-07-10 01:54:16.648	385000 samples with acceptance rate: 0.12823896103896104
2017-07-10 01:58:25.791	390000 samples with acceptance rate: 0.12786666666666666
2017-07-10 02:02:49.718	395000 samples with acceptance rate: 0.12749620253164556
2017-07-10 02:07:04.48	400000 samples with acceptance rate: 0.127165
2017-07-10 02:11:12.864	405000 samples with acceptance rate: 0.1267925925925926
2017-07-10 02:15:43.056	410000 samples with acceptance rate: 0.12631463414634148
2017-07-10 02:20:09.501	415000 samples with acceptance rate: 0.12597831325301204
2017-07-10 02:24:21.549	420000 samples with acceptance rate: 0.12561904761904763
2017-07-10 02:28:56.309	425000 samples with acceptance rate: 0.12518823529411766
2017-07-10 02:33:12.881	430000 samples with acceptance rate: 0.12486279069767442
2017-07-10 02:37:10.967	435000 samples with acceptance rate: 0.1245816091954023
2017-07-10 02:41:27.259	440000 samples with acceptance rate: 0.12429318181818182
2017-07-10 02:45:27.484	445000 samples with acceptance rate: 0.12400674157303371
2017-07-10 02:49:14.945	450000 samples with acceptance rate: 0.12365111111111111
2017-07-10 02:52:21.599	455000 samples with acceptance rate: 0.12353186813186813
2017-07-10 02:55:24.459	460000 samples with acceptance rate: 0.1232195652173913
2017-07-10 02:58:26.733	465000 samples with acceptance rate: 0.12300430107526882
2017-07-10 03:01:29.071	470000 samples with acceptance rate: 0.12285957446808511
2017-07-10 03:04:31.337	475000 samples with acceptance rate: 0.12264842105263157
2017-07-10 03:07:33.57	480000 samples with acceptance rate: 0.12245833333333334
2017-07-10 03:10:35.767	485000 samples with acceptance rate: 0.12216494845360824
2017-07-10 03:13:38.312	490000 samples with acceptance rate: 0.1219
2017-07-10 03:16:40.308	495000 samples with acceptance rate: 0.12156767676767677
2017-07-10 03:19:42.354	500000 samples with acceptance rate: 0.12137
Accepted: 60685
Rejected: 439315
Samples used (less burn-in):450000
Acceptance rate: 0.12137
likelihood of E 	-826892.938752004
Perplexity of E (nats) 	1283.7914180755777
E[|w|]:	21253.785913738266
likelihood of Mode 	-828110.4882621907
likelihood of ml mult 	-829203.8525749055
2017-07-10 03:19:42.598
