2017-07-09 15:08:59.207
#docs: 1460	 #words: 115527	 dictionary: 7062	 #sum_doc_vecs: 85795
2017-07-09 15:08:59.446
2017-07-09 15:12:13.609	5000 samples with acceptance rate: 0.451
2017-07-09 15:15:28.196	10000 samples with acceptance rate: 0.4437
2017-07-09 15:18:41.918	15000 samples with acceptance rate: 0.4296
2017-07-09 15:21:55.771	20000 samples with acceptance rate: 0.4157
2017-07-09 15:25:09.549	25000 samples with acceptance rate: 0.39992
2017-07-09 15:28:23.253	30000 samples with acceptance rate: 0.3827333333333333
2017-07-09 15:31:37.534	35000 samples with acceptance rate: 0.36734285714285714
2017-07-09 15:34:52.496	40000 samples with acceptance rate: 0.354775
2017-07-09 15:38:07.485	45000 samples with acceptance rate: 0.34095555555555557
2017-07-09 15:41:22.05	50000 samples with acceptance rate: 0.3283
2017-07-09 15:44:37.496	55000 samples with acceptance rate: 0.3178909090909091
2017-07-09 15:47:53.001	60000 samples with acceptance rate: 0.30798333333333333
2017-07-09 15:51:08.66	65000 samples with acceptance rate: 0.30052307692307695
2017-07-09 15:54:23.932	70000 samples with acceptance rate: 0.29191428571428574
2017-07-09 15:57:39.468	75000 samples with acceptance rate: 0.2842133333333333
2017-07-09 16:00:55.039	80000 samples with acceptance rate: 0.278125
2017-07-09 16:04:10.478	85000 samples with acceptance rate: 0.2721411764705882
2017-07-09 16:07:26.695	90000 samples with acceptance rate: 0.2662555555555556
2017-07-09 16:10:42.891	95000 samples with acceptance rate: 0.2607894736842105
2017-07-09 16:13:59.005	100000 samples with acceptance rate: 0.25589
2017-07-09 16:17:15.105	105000 samples with acceptance rate: 0.2511904761904762
2017-07-09 16:20:30.653	110000 samples with acceptance rate: 0.2465090909090909
2017-07-09 16:23:46.446	115000 samples with acceptance rate: 0.24200869565217392
2017-07-09 16:27:01.678	120000 samples with acceptance rate: 0.23789166666666667
2017-07-09 16:30:17.438	125000 samples with acceptance rate: 0.233984
2017-07-09 16:33:32.657	130000 samples with acceptance rate: 0.23
2017-07-09 16:36:48.053	135000 samples with acceptance rate: 0.2264
2017-07-09 16:40:03.79	140000 samples with acceptance rate: 0.22275714285714285
2017-07-09 16:43:19.66	145000 samples with acceptance rate: 0.21975172413793104
2017-07-09 16:46:35.139	150000 samples with acceptance rate: 0.21701333333333334
2017-07-09 16:49:51.125	155000 samples with acceptance rate: 0.2142258064516129
2017-07-09 16:53:06.593	160000 samples with acceptance rate: 0.21176875
2017-07-09 16:56:21.823	165000 samples with acceptance rate: 0.20976363636363637
2017-07-09 16:59:37.184	170000 samples with acceptance rate: 0.20758235294117647
2017-07-09 17:02:52.793	175000 samples with acceptance rate: 0.20542285714285713
2017-07-09 17:06:08.317	180000 samples with acceptance rate: 0.20315555555555556
2017-07-09 17:09:23.757	185000 samples with acceptance rate: 0.20076216216216217
2017-07-09 17:12:39.199	190000 samples with acceptance rate: 0.1985157894736842
2017-07-09 17:15:55.145	195000 samples with acceptance rate: 0.19656410256410256
2017-07-09 17:19:10.471	200000 samples with acceptance rate: 0.194585
2017-07-09 17:22:26.34	205000 samples with acceptance rate: 0.19263414634146342
2017-07-09 17:25:41.69	210000 samples with acceptance rate: 0.1908190476190476
2017-07-09 17:28:56.973	215000 samples with acceptance rate: 0.189
2017-07-09 17:32:13.566	220000 samples with acceptance rate: 0.1874818181818182
2017-07-09 17:35:29.567	225000 samples with acceptance rate: 0.18598666666666666
2017-07-09 17:38:45.328	230000 samples with acceptance rate: 0.18443478260869564
2017-07-09 17:42:01.192	235000 samples with acceptance rate: 0.18288510638297872
2017-07-09 17:45:16.916	240000 samples with acceptance rate: 0.18159166666666668
2017-07-09 17:48:32.705	245000 samples with acceptance rate: 0.18006938775510203
2017-07-09 17:51:48.188	250000 samples with acceptance rate: 0.178688
2017-07-09 17:55:03.463	255000 samples with acceptance rate: 0.17726666666666666
2017-07-09 17:58:19.252	260000 samples with acceptance rate: 0.17605
2017-07-09 18:01:35.639	265000 samples with acceptance rate: 0.1748377358490566
2017-07-09 18:04:51.504	270000 samples with acceptance rate: 0.17366666666666666
2017-07-09 18:08:07.367	275000 samples with acceptance rate: 0.17244363636363635
2017-07-09 18:11:23.11	280000 samples with acceptance rate: 0.17124285714285714
2017-07-09 18:14:38.617	285000 samples with acceptance rate: 0.17009473684210527
2017-07-09 18:17:54.017	290000 samples with acceptance rate: 0.1688655172413793
2017-07-09 18:21:09.448	295000 samples with acceptance rate: 0.1678542372881356
2017-07-09 18:24:24.832	300000 samples with acceptance rate: 0.16694
2017-07-09 18:27:40.427	305000 samples with acceptance rate: 0.16578032786885247
2017-07-09 18:30:55.745	310000 samples with acceptance rate: 0.16489032258064515
2017-07-09 18:34:10.946	315000 samples with acceptance rate: 0.1640761904761905
2017-07-09 18:37:26.905	320000 samples with acceptance rate: 0.16325625
2017-07-09 18:40:42.976	325000 samples with acceptance rate: 0.1624123076923077
2017-07-09 18:43:58.655	330000 samples with acceptance rate: 0.16154848484848486
2017-07-09 18:47:14.863	335000 samples with acceptance rate: 0.16079701492537313
2017-07-09 18:50:30.868	340000 samples with acceptance rate: 0.15993823529411766
2017-07-09 18:53:46.637	345000 samples with acceptance rate: 0.15912463768115942
2017-07-09 18:57:04.936	350000 samples with acceptance rate: 0.1584657142857143
2017-07-09 19:00:22.458	355000 samples with acceptance rate: 0.1576394366197183
2017-07-09 19:03:37.797	360000 samples with acceptance rate: 0.15688055555555555
2017-07-09 19:06:53.606	365000 samples with acceptance rate: 0.15613424657534247
2017-07-09 19:10:08.943	370000 samples with acceptance rate: 0.1553945945945946
2017-07-09 19:13:24.511	375000 samples with acceptance rate: 0.15473333333333333
2017-07-09 19:16:40.613	380000 samples with acceptance rate: 0.1541263157894737
2017-07-09 19:19:56.59	385000 samples with acceptance rate: 0.15347532467532468
2017-07-09 19:23:12.384	390000 samples with acceptance rate: 0.15286666666666668
2017-07-09 19:26:28.274	395000 samples with acceptance rate: 0.15210379746835442
2017-07-09 19:29:44.534	400000 samples with acceptance rate: 0.1515175
2017-07-09 19:33:00.524	405000 samples with acceptance rate: 0.1510543209876543
2017-07-09 19:36:16.333	410000 samples with acceptance rate: 0.15058536585365853
2017-07-09 19:39:31.929	415000 samples with acceptance rate: 0.15009397590361445
2017-07-09 19:42:47.706	420000 samples with acceptance rate: 0.14945714285714284
2017-07-09 19:46:03.384	425000 samples with acceptance rate: 0.14898823529411764
2017-07-09 19:49:18.797	430000 samples with acceptance rate: 0.14844651162790698
2017-07-09 19:52:34.294	435000 samples with acceptance rate: 0.14796091954022988
2017-07-09 19:55:49.631	440000 samples with acceptance rate: 0.14742727272727274
2017-07-09 19:59:04.983	445000 samples with acceptance rate: 0.14697977528089887
2017-07-09 20:02:20.252	450000 samples with acceptance rate: 0.1465422222222222
2017-07-09 20:05:35.535	455000 samples with acceptance rate: 0.14607032967032968
2017-07-09 20:08:51.775	460000 samples with acceptance rate: 0.14569565217391303
2017-07-09 20:12:08.1	465000 samples with acceptance rate: 0.14533333333333334
2017-07-09 20:15:24.064	470000 samples with acceptance rate: 0.14491063829787235
2017-07-09 20:18:40.123	475000 samples with acceptance rate: 0.14451368421052632
2017-07-09 20:21:56.042	480000 samples with acceptance rate: 0.14413541666666665
2017-07-09 20:25:11.801	485000 samples with acceptance rate: 0.14377938144329896
2017-07-09 20:28:09.565	490000 samples with acceptance rate: 0.1433673469387755
2017-07-09 20:30:57.684	495000 samples with acceptance rate: 0.14296969696969697
2017-07-09 20:33:46.607	500000 samples with acceptance rate: 0.142606
Accepted: 71303
Rejected: 428697
Samples used (less burn-in):450000
Acceptance rate: 0.142606
likelihood of E 	-797533.0784255536
Perplexity of E (nats) 	995.6885502901632
E[|w|]:	19469.397870675548
likelihood of Mode 	-796435.1705638338
likelihood of ml mult 	-829203.8525749055
2017-07-09 20:33:46.776
