2017-07-08 20:19:26.556
#docs: 1460	 #words: 115527	 dictionary: 7062	 #sum_doc_vecs: 85795
2017-07-08 20:19:26.718
2017-07-08 20:23:00.292	5000 samples with acceptance rate: 0.4582
2017-07-08 20:26:48.125	10000 samples with acceptance rate: 0.4463
2017-07-08 20:30:35.553	15000 samples with acceptance rate: 0.43193333333333334
2017-07-08 20:34:23.358	20000 samples with acceptance rate: 0.4162
2017-07-08 20:38:11.535	25000 samples with acceptance rate: 0.39916
2017-07-08 20:42:00.054	30000 samples with acceptance rate: 0.38406666666666667
2017-07-08 20:45:49.187	35000 samples with acceptance rate: 0.36894285714285713
2017-07-08 20:49:40.81	40000 samples with acceptance rate: 0.354025
2017-07-08 20:53:30.309	45000 samples with acceptance rate: 0.34044444444444444
2017-07-08 20:57:19.505	50000 samples with acceptance rate: 0.32798
2017-07-08 21:01:09.337	55000 samples with acceptance rate: 0.31785454545454545
2017-07-08 21:04:59.967	60000 samples with acceptance rate: 0.3075833333333333
2017-07-08 21:08:50.995	65000 samples with acceptance rate: 0.29915384615384616
2017-07-08 21:12:41.039	70000 samples with acceptance rate: 0.29064285714285715
2017-07-08 21:16:31.895	75000 samples with acceptance rate: 0.28326666666666667
2017-07-08 21:20:22.506	80000 samples with acceptance rate: 0.2762375
2017-07-08 21:24:12.851	85000 samples with acceptance rate: 0.26988235294117646
2017-07-08 21:28:03.165	90000 samples with acceptance rate: 0.26416666666666666
2017-07-08 21:31:53.352	95000 samples with acceptance rate: 0.25796842105263157
2017-07-08 21:35:43.806	100000 samples with acceptance rate: 0.25241
2017-07-08 21:39:34.029	105000 samples with acceptance rate: 0.24822857142857144
2017-07-08 21:43:24.5	110000 samples with acceptance rate: 0.2439818181818182
2017-07-08 21:47:14.917	115000 samples with acceptance rate: 0.24031304347826088
2017-07-08 21:51:05.158	120000 samples with acceptance rate: 0.236525
2017-07-08 21:54:56.098	125000 samples with acceptance rate: 0.232816
2017-07-08 21:58:45.937	130000 samples with acceptance rate: 0.2291
2017-07-08 22:02:36.451	135000 samples with acceptance rate: 0.22554814814814814
2017-07-08 22:06:26.74	140000 samples with acceptance rate: 0.22237142857142858
2017-07-08 22:10:16.645	145000 samples with acceptance rate: 0.21931724137931036
2017-07-08 22:14:07.359	150000 samples with acceptance rate: 0.21622666666666668
2017-07-08 22:17:58.514	155000 samples with acceptance rate: 0.2131032258064516
2017-07-08 22:21:38.996	160000 samples with acceptance rate: 0.2102125
2017-07-08 22:24:38.232	165000 samples with acceptance rate: 0.2078060606060606
2017-07-08 22:27:37.372	170000 samples with acceptance rate: 0.20502352941176472
2017-07-08 22:30:36.866	175000 samples with acceptance rate: 0.20282285714285714
2017-07-08 22:33:36.154	180000 samples with acceptance rate: 0.2004277777777778
2017-07-08 22:36:35.273	185000 samples with acceptance rate: 0.19830810810810812
2017-07-08 22:39:34.548	190000 samples with acceptance rate: 0.19611052631578949
2017-07-08 22:42:33.363	195000 samples with acceptance rate: 0.1942871794871795
2017-07-08 22:45:32.646	200000 samples with acceptance rate: 0.192345
2017-07-08 22:48:31.92	205000 samples with acceptance rate: 0.19049268292682928
2017-07-08 22:51:31.251	210000 samples with acceptance rate: 0.18904285714285715
2017-07-08 22:54:30.505	215000 samples with acceptance rate: 0.18723255813953488
2017-07-08 22:57:29.946	220000 samples with acceptance rate: 0.1857
2017-07-08 23:00:28.897	225000 samples with acceptance rate: 0.18421333333333334
2017-07-08 23:03:28.278	230000 samples with acceptance rate: 0.18277391304347826
2017-07-08 23:06:27.811	235000 samples with acceptance rate: 0.18133191489361702
2017-07-08 23:09:26.701	240000 samples with acceptance rate: 0.18008333333333335
2017-07-08 23:12:25.586	245000 samples with acceptance rate: 0.17880816326530613
2017-07-08 23:15:24.727	250000 samples with acceptance rate: 0.17738
2017-07-08 23:18:24.2	255000 samples with acceptance rate: 0.17611764705882352
2017-07-08 23:21:23.278	260000 samples with acceptance rate: 0.17495384615384615
2017-07-08 23:24:22.67	265000 samples with acceptance rate: 0.17378867924528302
2017-07-08 23:27:22.357	270000 samples with acceptance rate: 0.1726074074074074
2017-07-08 23:30:21.678	275000 samples with acceptance rate: 0.17143272727272726
2017-07-08 23:33:21.148	280000 samples with acceptance rate: 0.17037857142857143
2017-07-08 23:36:20.339	285000 samples with acceptance rate: 0.16910526315789473
2017-07-08 23:39:19.429	290000 samples with acceptance rate: 0.16803103448275863
2017-07-08 23:42:18.962	295000 samples with acceptance rate: 0.16697627118644068
2017-07-08 23:45:17.829	300000 samples with acceptance rate: 0.16601666666666667
2017-07-08 23:48:17.204	305000 samples with acceptance rate: 0.16504262295081967
2017-07-08 23:51:16.71	310000 samples with acceptance rate: 0.1641225806451613
2017-07-08 23:54:15.922	315000 samples with acceptance rate: 0.1633015873015873
2017-07-08 23:57:15.488	320000 samples with acceptance rate: 0.16251875
2017-07-09 00:00:14.739	325000 samples with acceptance rate: 0.16172923076923076
2017-07-09 00:03:14.04	330000 samples with acceptance rate: 0.16098181818181817
2017-07-09 00:06:13.415	335000 samples with acceptance rate: 0.16019402985074627
2017-07-09 00:09:13.439	340000 samples with acceptance rate: 0.15942647058823528
2017-07-09 00:12:12.433	345000 samples with acceptance rate: 0.15863188405797102
2017-07-09 00:15:11.543	350000 samples with acceptance rate: 0.15793714285714286
2017-07-09 00:18:10.921	355000 samples with acceptance rate: 0.15723098591549295
2017-07-09 00:21:10.193	360000 samples with acceptance rate: 0.15660833333333332
2017-07-09 00:24:09.686	365000 samples with acceptance rate: 0.15583561643835617
2017-07-09 00:27:08.687	370000 samples with acceptance rate: 0.15516486486486486
2017-07-09 00:30:07.67	375000 samples with acceptance rate: 0.154552
2017-07-09 00:33:06.969	380000 samples with acceptance rate: 0.15382631578947367
2017-07-09 00:36:06.353	385000 samples with acceptance rate: 0.15326493506493508
2017-07-09 00:39:05.504	390000 samples with acceptance rate: 0.15255128205128204
2017-07-09 00:42:04.65	395000 samples with acceptance rate: 0.15209113924050632
2017-07-09 00:45:03.971	400000 samples with acceptance rate: 0.1516175
2017-07-09 00:48:03.088	405000 samples with acceptance rate: 0.1510493827160494
2017-07-09 00:51:02.332	410000 samples with acceptance rate: 0.1505048780487805
2017-07-09 00:54:01.237	415000 samples with acceptance rate: 0.15010602409638554
2017-07-09 00:57:00.431	420000 samples with acceptance rate: 0.14963809523809524
2017-07-09 00:59:59.631	425000 samples with acceptance rate: 0.14910352941176472
2017-07-09 01:02:58.897	430000 samples with acceptance rate: 0.14861395348837209
2017-07-09 01:05:58.151	435000 samples with acceptance rate: 0.14818850574712644
2017-07-09 01:08:57.293	440000 samples with acceptance rate: 0.147675
2017-07-09 01:11:56.453	445000 samples with acceptance rate: 0.14721573033707866
2017-07-09 01:14:55.74	450000 samples with acceptance rate: 0.14673111111111112
2017-07-09 01:17:54.968	455000 samples with acceptance rate: 0.14625274725274726
2017-07-09 01:20:54.2	460000 samples with acceptance rate: 0.1458195652173913
2017-07-09 01:23:53.659	465000 samples with acceptance rate: 0.14543870967741934
2017-07-09 01:26:52.724	470000 samples with acceptance rate: 0.1450063829787234
2017-07-09 01:29:51.817	475000 samples with acceptance rate: 0.1445221052631579
2017-07-09 01:32:51.079	480000 samples with acceptance rate: 0.14415625
2017-07-09 01:35:50.255	485000 samples with acceptance rate: 0.1437463917525773
2017-07-09 01:38:42.039	490000 samples with acceptance rate: 0.14330204081632653
2017-07-09 01:41:29.955	495000 samples with acceptance rate: 0.14283232323232323
2017-07-09 01:44:17.705	500000 samples with acceptance rate: 0.142456
Accepted: 71228
Rejected: 428772
Samples used (less burn-in):450000
Acceptance rate: 0.142456
likelihood of E 	-797987.0831510902
Perplexity of E (nats) 	999.6091637622927
E[|w|]:	19880.54674973969
likelihood of Mode 	-796791.0135164395
likelihood of ml mult 	-829203.8525749055
2017-07-09 01:44:17.86
