2017-07-08 20:20:13.758
#docs: 1460	 #words: 115527	 dictionary: 7062	 #sum_doc_vecs: 85795
2017-07-08 20:20:14.028
2017-07-08 20:21:26.127	5000 samples with acceptance rate: 0.4546
2017-07-08 20:22:38.126	10000 samples with acceptance rate: 0.4483
2017-07-08 20:23:50.229	15000 samples with acceptance rate: 0.4324
2017-07-08 20:25:02.248	20000 samples with acceptance rate: 0.4137
2017-07-08 20:26:14.089	25000 samples with acceptance rate: 0.39664
2017-07-08 20:27:26.057	30000 samples with acceptance rate: 0.37793333333333334
2017-07-08 20:28:37.827	35000 samples with acceptance rate: 0.35914285714285715
2017-07-08 20:29:49.624	40000 samples with acceptance rate: 0.34145
2017-07-08 20:31:01.467	45000 samples with acceptance rate: 0.32522222222222225
2017-07-08 20:32:13.21	50000 samples with acceptance rate: 0.3111
2017-07-08 20:33:25.528	55000 samples with acceptance rate: 0.29663636363636364
2017-07-08 20:34:37.987	60000 samples with acceptance rate: 0.2840666666666667
2017-07-08 20:35:50.274	65000 samples with acceptance rate: 0.27229230769230767
2017-07-08 20:37:02.595	70000 samples with acceptance rate: 0.2618714285714286
2017-07-08 20:38:14.996	75000 samples with acceptance rate: 0.2526
2017-07-08 20:39:27.3	80000 samples with acceptance rate: 0.2447875
2017-07-08 20:40:39.698	85000 samples with acceptance rate: 0.2373764705882353
2017-07-08 20:41:51.961	90000 samples with acceptance rate: 0.2308111111111111
2017-07-08 20:43:04.302	95000 samples with acceptance rate: 0.22430526315789473
2017-07-08 20:44:16.586	100000 samples with acceptance rate: 0.2186
2017-07-08 20:45:29.046	105000 samples with acceptance rate: 0.21271428571428572
2017-07-08 20:46:43.713	110000 samples with acceptance rate: 0.20743636363636364
2017-07-08 20:47:56.537	115000 samples with acceptance rate: 0.2031304347826087
2017-07-08 20:49:09.146	120000 samples with acceptance rate: 0.19881666666666667
2017-07-08 20:50:21.637	125000 samples with acceptance rate: 0.194624
2017-07-08 20:51:34.014	130000 samples with acceptance rate: 0.19062307692307692
2017-07-08 20:52:46.683	135000 samples with acceptance rate: 0.18722962962962963
2017-07-08 20:53:59.621	140000 samples with acceptance rate: 0.18360714285714286
2017-07-08 20:55:12.233	145000 samples with acceptance rate: 0.18063448275862068
2017-07-08 20:56:24.763	150000 samples with acceptance rate: 0.17781333333333332
2017-07-08 20:57:37.399	155000 samples with acceptance rate: 0.175
2017-07-08 20:58:50.113	160000 samples with acceptance rate: 0.17230625
2017-07-08 21:00:02.702	165000 samples with acceptance rate: 0.17004848484848484
2017-07-08 21:01:15.34	170000 samples with acceptance rate: 0.16770588235294118
2017-07-08 21:02:27.759	175000 samples with acceptance rate: 0.1656342857142857
2017-07-08 21:03:40.439	180000 samples with acceptance rate: 0.16346666666666668
2017-07-08 21:04:53.122	185000 samples with acceptance rate: 0.16164864864864864
2017-07-08 21:06:05.824	190000 samples with acceptance rate: 0.15975263157894737
2017-07-08 21:07:18.47	195000 samples with acceptance rate: 0.1580153846153846
2017-07-08 21:08:31.292	200000 samples with acceptance rate: 0.156305
2017-07-08 21:09:43.961	205000 samples with acceptance rate: 0.15470243902439024
2017-07-08 21:10:56.476	210000 samples with acceptance rate: 0.15319047619047618
2017-07-08 21:12:09.144	215000 samples with acceptance rate: 0.15191162790697674
2017-07-08 21:13:21.899	220000 samples with acceptance rate: 0.1504590909090909
2017-07-08 21:14:34.454	225000 samples with acceptance rate: 0.14909777777777777
2017-07-08 21:15:47.065	230000 samples with acceptance rate: 0.14773478260869566
2017-07-08 21:16:59.515	235000 samples with acceptance rate: 0.1463404255319149
2017-07-08 21:18:11.977	240000 samples with acceptance rate: 0.14536666666666667
2017-07-08 21:19:24.649	245000 samples with acceptance rate: 0.14426938775510204
2017-07-08 21:20:37.177	250000 samples with acceptance rate: 0.143152
2017-07-08 21:21:49.648	255000 samples with acceptance rate: 0.14218823529411764
2017-07-08 21:23:02.3	260000 samples with acceptance rate: 0.14135
2017-07-08 21:24:15.04	265000 samples with acceptance rate: 0.14038490566037737
2017-07-08 21:25:27.639	270000 samples with acceptance rate: 0.13957037037037037
2017-07-08 21:26:40.146	275000 samples with acceptance rate: 0.13865454545454545
2017-07-08 21:27:52.673	280000 samples with acceptance rate: 0.13765
2017-07-08 21:29:05.169	285000 samples with acceptance rate: 0.13685263157894736
2017-07-08 21:30:17.637	290000 samples with acceptance rate: 0.13626896551724138
2017-07-08 21:31:30.358	295000 samples with acceptance rate: 0.13560677966101695
2017-07-08 21:32:42.832	300000 samples with acceptance rate: 0.13480666666666666
2017-07-08 21:33:55.37	305000 samples with acceptance rate: 0.13391475409836065
2017-07-08 21:35:07.964	310000 samples with acceptance rate: 0.13311612903225806
2017-07-08 21:36:20.392	315000 samples with acceptance rate: 0.1325111111111111
2017-07-08 21:37:32.843	320000 samples with acceptance rate: 0.131909375
2017-07-08 21:38:45.273	325000 samples with acceptance rate: 0.13127692307692307
2017-07-08 21:39:57.986	330000 samples with acceptance rate: 0.13065757575757575
2017-07-08 21:41:10.499	335000 samples with acceptance rate: 0.13005970149253732
2017-07-08 21:42:22.913	340000 samples with acceptance rate: 0.12955
2017-07-08 21:43:35.324	345000 samples with acceptance rate: 0.1290376811594203
2017-07-08 21:44:47.891	350000 samples with acceptance rate: 0.12850857142857142
2017-07-08 21:46:00.359	355000 samples with acceptance rate: 0.1280056338028169
2017-07-08 21:47:12.73	360000 samples with acceptance rate: 0.12738333333333332
2017-07-08 21:48:25.343	365000 samples with acceptance rate: 0.1269068493150685
2017-07-08 21:49:37.907	370000 samples with acceptance rate: 0.1264891891891892
2017-07-08 21:50:50.439	375000 samples with acceptance rate: 0.12589333333333333
2017-07-08 21:52:03.094	380000 samples with acceptance rate: 0.12531842105263158
2017-07-08 21:53:15.849	385000 samples with acceptance rate: 0.12482857142857143
2017-07-08 21:54:28.382	390000 samples with acceptance rate: 0.12432307692307693
2017-07-08 21:55:40.897	395000 samples with acceptance rate: 0.12386835443037975
2017-07-08 21:56:53.314	400000 samples with acceptance rate: 0.123345
2017-07-08 21:58:05.858	405000 samples with acceptance rate: 0.12291111111111111
2017-07-08 21:59:18.27	410000 samples with acceptance rate: 0.12235853658536586
2017-07-08 22:00:30.672	415000 samples with acceptance rate: 0.12183855421686747
2017-07-08 22:01:43.155	420000 samples with acceptance rate: 0.12142857142857143
2017-07-08 22:02:55.63	425000 samples with acceptance rate: 0.12107058823529412
2017-07-08 22:04:08.181	430000 samples with acceptance rate: 0.12066511627906977
2017-07-08 22:05:20.605	435000 samples with acceptance rate: 0.12031954022988506
2017-07-08 22:06:33.14	440000 samples with acceptance rate: 0.11998181818181818
2017-07-08 22:07:45.6	445000 samples with acceptance rate: 0.11963820224719102
2017-07-08 22:08:58.073	450000 samples with acceptance rate: 0.11924666666666667
2017-07-08 22:10:10.518	455000 samples with acceptance rate: 0.11896043956043956
2017-07-08 22:11:22.945	460000 samples with acceptance rate: 0.11859130434782608
2017-07-08 22:12:35.553	465000 samples with acceptance rate: 0.1182494623655914
2017-07-08 22:13:48.166	470000 samples with acceptance rate: 0.11802765957446809
2017-07-08 22:15:01.044	475000 samples with acceptance rate: 0.11782105263157895
2017-07-08 22:16:13.716	480000 samples with acceptance rate: 0.11749375
2017-07-08 22:17:26.377	485000 samples with acceptance rate: 0.11715463917525773
2017-07-08 22:18:39.192	490000 samples with acceptance rate: 0.11686734693877551
2017-07-08 22:19:51.659	495000 samples with acceptance rate: 0.11663838383838383
2017-07-08 22:21:04.064	500000 samples with acceptance rate: 0.116374
Accepted: 58187
Rejected: 441813
Samples used (less burn-in):450000
Acceptance rate: 0.116374
likelihood of E 	-830549.712406837
Perplexity of E (nats) 	1325.0772023383488
E[|w|]:	38724.22947756982
likelihood of Mode 	-832611.5056368029
likelihood of ml mult 	-829203.8525749055
2017-07-08 22:21:04.221
